Using pre-set license
Built from '2023.2/staging' branch; Version is '2023.2.0f1 (d0d63d039a6f) revision 13686333'; Using compiler version '193431935'; Build Type 'Release'
OS: 'Windows 10  (10.0.19045) 64bit Professional' Language: 'ko' Physical Memory: 23983 MB
BatchMode: 1, IsHumanControllingUs: 0, StartBugReporterOnCrash: 0, Is64bit: 1, IsPro: 1

COMMAND LINE ARGUMENTS:
C:\Program Files\Unity\Hub\Editor\2023.2.0f1\Editor\Unity.exe
-adb2
-batchMode
-noUpm
-name
AssetImportWorker0
-projectPath
C:/Github/War_of_Card/프밍/ward-of-cards-deak
-logFile
Logs/AssetImportWorker0.log
-srvPort
63018
-job-worker-count
5
-background-job-worker-count
8
-asset-garbage-collectors
1
Successfully changed project path to: C:/Github/War_of_Card/프밍/ward-of-cards-deak
C:/Github/War_of_Card/프밍/ward-of-cards-deak
[UnityMemory] Configuration Parameters - Can be set up in boot.config
    "memorysetup-bucket-allocator-granularity=16"
    "memorysetup-bucket-allocator-bucket-count=8"
    "memorysetup-bucket-allocator-block-size=33554432"
    "memorysetup-bucket-allocator-block-count=8"
    "memorysetup-main-allocator-block-size=16777216"
    "memorysetup-thread-allocator-block-size=16777216"
    "memorysetup-gfx-main-allocator-block-size=16777216"
    "memorysetup-gfx-thread-allocator-block-size=16777216"
    "memorysetup-cache-allocator-block-size=4194304"
    "memorysetup-typetree-allocator-block-size=2097152"
    "memorysetup-profiler-bucket-allocator-granularity=16"
    "memorysetup-profiler-bucket-allocator-bucket-count=8"
    "memorysetup-profiler-bucket-allocator-block-size=33554432"
    "memorysetup-profiler-bucket-allocator-block-count=8"
    "memorysetup-profiler-allocator-block-size=16777216"
    "memorysetup-profiler-editor-allocator-block-size=1048576"
    "memorysetup-temp-allocator-size-main=16777216"
    "memorysetup-job-temp-allocator-block-size=2097152"
    "memorysetup-job-temp-allocator-block-size-background=1048576"
    "memorysetup-job-temp-allocator-reduction-small-platforms=262144"
    "memorysetup-allocator-temp-initial-block-size-main=262144"
    "memorysetup-allocator-temp-initial-block-size-worker=262144"
    "memorysetup-temp-allocator-size-background-worker=32768"
    "memorysetup-temp-allocator-size-job-worker=262144"
    "memorysetup-temp-allocator-size-preload-manager=33554432"
    "memorysetup-temp-allocator-size-nav-mesh-worker=65536"
    "memorysetup-temp-allocator-size-audio-worker=65536"
    "memorysetup-temp-allocator-size-cloud-worker=32768"
    "memorysetup-temp-allocator-size-gi-baking-worker=262144"
    "memorysetup-temp-allocator-size-gi-baking-worker=262144"
    "memorysetup-temp-allocator-size-gi-baking-worker=262144"
    "memorysetup-temp-allocator-size-gi-baking-worker=262144"
    "memorysetup-temp-allocator-size-gfx=262144"
Player connection [17216] Host "[IP] 192.168.35.177 [Port] 0 [Flags] 2 [Guid] 1289301234 [EditorId] 1289301234 [Version] 1048832 [Id] WindowsEditor(7,DESKTOP-373QPVV) [Debug] 1 [PackageName] WindowsEditor [ProjectName] Editor" joined multi-casting on [225.0.0.222:54997]...
Player connection [17216] Host "[IP] 192.168.35.177 [Port] 0 [Flags] 2 [Guid] 1289301234 [EditorId] 1289301234 [Version] 1048832 [Id] WindowsEditor(7,DESKTOP-373QPVV) [Debug] 1 [PackageName] WindowsEditor [ProjectName] Editor" joined alternative multi-casting on [225.0.0.222:34997]...
JobSystem: Creating JobQueue using job-worker-count value 5
[Physics::Module] Initialized MultithreadedJobDispatcher with 5 workers.
Library Redirect Path: Library/
Refreshing native plugins compatible for Editor in 1.61 ms, found 3 plugins.
Preloading 0 native plugins for Editor in 0.00 ms.
Initialize engine version: 2023.2.0f1 (d0d63d039a6f)
[Subsystems] Discovering subsystems at path C:/Program Files/Unity/Hub/Editor/2023.2.0f1/Editor/Data/Resources/UnitySubsystems
[Subsystems] Discovering subsystems at path C:/Github/War_of_Card/프밍/ward-of-cards-deak/Assets
GfxDevice: creating device client; kGfxThreadingModeNonThreaded
Direct3D:
    Version:  Direct3D 11.0 [level 11.1]
    Renderer: NVIDIA GeForce GTX 1650 (ID=0x1f99)
    Vendor:   NVIDIA
    VRAM:     3949 MB
    Driver:   31.0.15.3758
Initialize mono
Mono path[0] = 'C:/Program Files/Unity/Hub/Editor/2023.2.0f1/Editor/Data/Managed'
Mono path[1] = 'C:/Program Files/Unity/Hub/Editor/2023.2.0f1/Editor/Data/MonoBleedingEdge/lib/mono/unityjit-win32'
Mono config path = 'C:/Program Files/Unity/Hub/Editor/2023.2.0f1/Editor/Data/MonoBleedingEdge/etc'
Using monoOptions --debugger-agent=transport=dt_socket,embedding=1,server=y,suspend=n,address=127.0.0.1:56788
Begin MonoManager ReloadAssembly
C:\build\output\Unity-Technologies\mono\mono\metadata\icall.c:1842:
C:\build\output\Unity-Technologies\mono\mono\metadata\icall.c:1842:
C:\build\output\Unity-Technologies\mono\mono\metadata\icall.c:1842:
C:\build\output\Unity-Technologies\mono\mono\metadata\icall.c:1842:
C:\build\output\Unity-Technologies\mono\mono\metadata\icall.c:1842:
C:\build\output\Unity-Technologies\mono\mono\metadata\icall.c:1842:
C:\build\output\Unity-Technologies\mono\mono\metadata\icall.c:1842:
C:\build\output\Unity-Technologies\mono\mono\metadata\icall.c:1842:
C:\build\output\Unity-Technologies\mono\mono\metadata\icall.c:1842:
C:\build\output\Unity-Technologies\mono\mono\metadata\icall.c:1842:
Registering precompiled unity dll's ...
Register platform support module: C:/Program Files/Unity/Hub/Editor/2023.2.0f1/Editor/Data/PlaybackEngines/WindowsStandaloneSupport/UnityEditor.WindowsStandalone.Extensions.dll
Registered in 0.004942 seconds.
- Loaded All Assemblies, in  0.571 seconds
Native extension for WindowsStandalone target not found
Mono: successfully reloaded assembly
C:\build\output\Unity-Technologies\mono\mono\metadata\icall.c:1842:
C:\build\output\Unity-Technologies\mono\mono\metadata\icall.c:1842:
- Finished resetting the current domain, in  0.536 seconds
Domain Reload Profiling: 1104ms
	BeginReloadAssembly (151ms)
		ExecutionOrderSort (0ms)
		DisableScriptedObjects (0ms)
		BackupInstance (0ms)
		ReleaseScriptingObjects (0ms)
		CreateAndSetChildDomain (1ms)
	RebuildCommonClasses (54ms)
	RebuildNativeTypeToScriptingClass (19ms)
	initialDomainReloadingComplete (84ms)
	LoadAllAssembliesAndSetupDomain (260ms)
		LoadAssemblies (148ms)
		RebuildTransferFunctionScriptingTraits (0ms)
		AnalyzeDomain (256ms)
			TypeCache.Refresh (254ms)
				TypeCache.ScanAssembly (232ms)
			BuildScriptInfoCaches (0ms)
			ResolveRequiredComponents (1ms)
	FinalizeReload (537ms)
		ReleaseScriptCaches (0ms)
		RebuildScriptCaches (0ms)
		SetupLoadedEditorAssemblies (466ms)
			LogAssemblyErrors (0ms)
			InitializePlatformSupportModulesInManaged (17ms)
			SetLoadedEditorAssemblies (11ms)
			BeforeProcessingInitializeOnLoad (11ms)
			ProcessInitializeOnLoadAttributes (337ms)
			ProcessInitializeOnLoadMethodAttributes (89ms)
			AfterProcessingInitializeOnLoad (0ms)
			EditorAssembliesLoaded (0ms)
		ExecutionOrderSort2 (0ms)
		AwakeInstancesAfterBackupRestoration (0ms)
========================================================================
Worker process is ready to serve import requests
Import Worker Mode flag is 0x00
Begin MonoManager ReloadAssembly
C:\build\output\Unity-Technologies\mono\mono\metadata\icall.c:1842:
C:\build\output\Unity-Technologies\mono\mono\metadata\icall.c:1842:
C:\build\output\Unity-Technologies\mono\mono\metadata\icall.c:1842:
C:\build\output\Unity-Technologies\mono\mono\metadata\icall.c:1842:
C:\build\output\Unity-Technologies\mono\mono\metadata\icall.c:1842:
C:\build\output\Unity-Technologies\mono\mono\metadata\icall.c:1842:
C:\build\output\Unity-Technologies\mono\mono\metadata\icall.c:1842:
C:\build\output\Unity-Technologies\mono\mono\metadata\icall.c:1842:
C:\build\output\Unity-Technologies\mono\mono\metadata\icall.c:1842:
C:\build\output\Unity-Technologies\mono\mono\metadata\icall.c:1842:
C:\build\output\Unity-Technologies\mono\mono\metadata\icall.c:1842:
C:\build\output\Unity-Technologies\mono\mono\metadata\icall.c:1842:
Symbol file LoadedFromMemory doesn't match image C:\Github\War_of_Card\프밍\ward-of-cards-deak\Library\PackageCache\com.unity.visualscripting@1.8.0\Editor\VisualScripting.Core\Dependencies\YamlDotNet\Unity.VisualScripting.YamlDotNet.dll
Symbol file LoadedFromMemory doesn't match image C:\Github\War_of_Card\프밍\ward-of-cards-deak\Library\PackageCache\com.unity.visualscripting@1.8.0\Editor\VisualScripting.Core\Dependencies\DotNetZip\Unity.VisualScripting.IonicZip.dll
- Loaded All Assemblies, in  1.177 seconds
Refreshing native plugins compatible for Editor in 1.28 ms, found 3 plugins.
Native extension for WindowsStandalone target not found
Mono: successfully reloaded assembly
- Finished resetting the current domain, in  0.731 seconds
Domain Reload Profiling: 1905ms
	BeginReloadAssembly (411ms)
		ExecutionOrderSort (0ms)
		DisableScriptedObjects (7ms)
		BackupInstance (0ms)
		ReleaseScriptingObjects (0ms)
		CreateAndSetChildDomain (42ms)
	RebuildCommonClasses (51ms)
	RebuildNativeTypeToScriptingClass (19ms)
	initialDomainReloadingComplete (55ms)
	LoadAllAssembliesAndSetupDomain (636ms)
		LoadAssemblies (499ms)
		RebuildTransferFunctionScriptingTraits (0ms)
		AnalyzeDomain (251ms)
			TypeCache.Refresh (217ms)
				TypeCache.ScanAssembly (194ms)
			BuildScriptInfoCaches (25ms)
			ResolveRequiredComponents (5ms)
	FinalizeReload (732ms)
		ReleaseScriptCaches (0ms)
		RebuildScriptCaches (0ms)
		SetupLoadedEditorAssemblies (484ms)
			LogAssemblyErrors (0ms)
			InitializePlatformSupportModulesInManaged (3ms)
			SetLoadedEditorAssemblies (4ms)
			BeforeProcessingInitializeOnLoad (43ms)
			ProcessInitializeOnLoadAttributes (401ms)
			ProcessInitializeOnLoadMethodAttributes (28ms)
			AfterProcessingInitializeOnLoad (5ms)
			EditorAssembliesLoaded (0ms)
		ExecutionOrderSort2 (0ms)
		AwakeInstancesAfterBackupRestoration (10ms)
Launched and connected shader compiler UnityShaderCompiler.exe after 0.02 seconds
Refreshing native plugins compatible for Editor in 0.97 ms, found 3 plugins.
Preloading 0 native plugins for Editor in 0.00 ms.
Unloading 9 Unused Serialized files (Serialized files now loaded: 0)
Unloading 3144 unused Assets / (1.0 MB). Loaded Objects now: 3720.
Memory consumption went from 123.7 MB to 122.7 MB.
Total: 11.993500 ms (FindLiveObjects: 0.745800 ms CreateObjectMapping: 0.816700 ms MarkObjects: 8.769600 ms  DeleteObjects: 1.659200 ms)

========================================================================
Received Import Request.
  Time since last request: 183009.326494 seconds.
  path: Assets
  artifactKey: Guid(00000000000000001000000000000000) Importer(815301076,1909f56bfc062723c751e8b465ee728b)
Start importing Assets using Guid(00000000000000001000000000000000) Importer(815301076,1909f56bfc062723c751e8b465ee728b) (PreviewImporter) -> (artifact id: 'f34163397d7a73dad3366c662ac23692') in 0.013995 seconds
Number of updated asset objects reloaded before import = 0Number of asset objects unloaded after import = 0

========================================================================
Received Import Request.
  Time since last request: 1.977132 seconds.
  path: Assets/Preshhis/Cube.prefab
  artifactKey: Guid(91f82e52181b7417e98f86de1605f816) Importer(815301076,1909f56bfc062723c751e8b465ee728b)
Start importing Assets/Preshhis/Cube.prefab using Guid(91f82e52181b7417e98f86de1605f816) Importer(815301076,1909f56bfc062723c751e8b465ee728b) (PreviewImporter) -> (artifact id: 'e599328582a2eca636f18208b4dc9409') in 0.1654178 seconds
Number of updated asset objects reloaded before import = 0Number of asset objects unloaded after import = 12

========================================================================
Received Import Request.
  Time since last request: 19.665730 seconds.
  path: Assets/prefabs
  artifactKey: Guid(57a9c9dcdaf74684f8788f8da67c152a) Importer(815301076,1909f56bfc062723c751e8b465ee728b)
Start importing Assets/prefabs using Guid(57a9c9dcdaf74684f8788f8da67c152a) Importer(815301076,1909f56bfc062723c751e8b465ee728b) (PreviewImporter) -> (artifact id: '98ab192f01f62c467b90e456c8a09e80') in 0.0007366 seconds
Number of updated asset objects reloaded before import = 0Number of asset objects unloaded after import = 0

========================================================================
Received Import Request.
  Time since last request: 25.627851 seconds.
  path: Assets/prefabs/1.unity
  artifactKey: Guid(9fc0d4010bbf28b4594072e72b8655ab) Importer(815301076,1909f56bfc062723c751e8b465ee728b)
Start importing Assets/prefabs/1.unity using Guid(9fc0d4010bbf28b4594072e72b8655ab) Importer(815301076,1909f56bfc062723c751e8b465ee728b) (PreviewImporter) -> (artifact id: '0dc924c1f1ced0422548fdb258a77070') in 0.0006119 seconds
Number of updated asset objects reloaded before import = 0Number of asset objects unloaded after import = 0

========================================================================
Received Import Request.
  Time since last request: 20.507133 seconds.
  path: Assets/재/5 16.mat
  artifactKey: Guid(6d9eedfa26eaa42c6b78c0d69807143c) Importer(815301076,1909f56bfc062723c751e8b465ee728b)
Start importing Assets/재/5 16.mat using Guid(6d9eedfa26eaa42c6b78c0d69807143c) Importer(815301076,1909f56bfc062723c751e8b465ee728b) (PreviewImporter) -> (artifact id: 'abb2f471ab139b13edade8c9d4ec1934') in 0.0412476 seconds
Number of updated asset objects reloaded before import = 0Number of asset objects unloaded after import = 1

========================================================================
Received Import Request.
  Time since last request: 0.004035 seconds.
  path: Assets/재/5.mat
  artifactKey: Guid(599aa3518dbe048269668f97cc6b0255) Importer(815301076,1909f56bfc062723c751e8b465ee728b)
Start importing Assets/재/5.mat using Guid(599aa3518dbe048269668f97cc6b0255) Importer(815301076,1909f56bfc062723c751e8b465ee728b) (PreviewImporter) -> (artifact id: '4e4e90c00740821963eab1460e7df14e') in 0.0157413 seconds
Number of updated asset objects reloaded before import = 0Number of asset objects unloaded after import = 1

========================================================================
Received Import Request.
  Time since last request: 0.004414 seconds.
  path: Assets/script/nextpage.cs
  artifactKey: Guid(77e5bb9c0780448d4826b8ee9e158cf7) Importer(815301076,1909f56bfc062723c751e8b465ee728b)
Start importing Assets/script/nextpage.cs using Guid(77e5bb9c0780448d4826b8ee9e158cf7) Importer(815301076,1909f56bfc062723c751e8b465ee728b) (PreviewImporter) -> (artifact id: '137fb5cd1dcc499a8a60e631bc98882f') in 0.0005492 seconds
Number of updated asset objects reloaded before import = 0Number of asset objects unloaded after import = 0

========================================================================
Received Import Request.
  Time since last request: 0.003154 seconds.
  path: Assets/재/5 3.mat
  artifactKey: Guid(64acfd33dca2f415e862a4efa310b516) Importer(815301076,1909f56bfc062723c751e8b465ee728b)
Start importing Assets/재/5 3.mat using Guid(64acfd33dca2f415e862a4efa310b516) Importer(815301076,1909f56bfc062723c751e8b465ee728b) (PreviewImporter) -> (artifact id: 'f273e912e6cc58bbc61af4cc207b4660') in 0.016805 seconds
Number of updated asset objects reloaded before import = 0Number of asset objects unloaded after import = 1

========================================================================
Received Import Request.
  Time since last request: 0.004895 seconds.
  path: Assets/재/5 14.mat
  artifactKey: Guid(df5519244b0154d91824c0785a65f372) Importer(815301076,1909f56bfc062723c751e8b465ee728b)
Start importing Assets/재/5 14.mat using Guid(df5519244b0154d91824c0785a65f372) Importer(815301076,1909f56bfc062723c751e8b465ee728b) (PreviewImporter) -> (artifact id: 'b2f5cbde80eafb744d8d358f0e1e1ea0') in 0.0159572 seconds
Number of updated asset objects reloaded before import = 0Number of asset objects unloaded after import = 1

========================================================================
Received Import Request.
  Time since last request: 0.004042 seconds.
  path: Assets/재/5 10.mat
  artifactKey: Guid(071169666aacc4d89a5f2382f96a9cc0) Importer(815301076,1909f56bfc062723c751e8b465ee728b)
Start importing Assets/재/5 10.mat using Guid(071169666aacc4d89a5f2382f96a9cc0) Importer(815301076,1909f56bfc062723c751e8b465ee728b) (PreviewImporter) -> (artifact id: 'd0c10668edbc5eaa5194dbe4fcc771ae') in 0.0174607 seconds
Number of updated asset objects reloaded before import = 0Number of asset objects unloaded after import = 1

========================================================================
Received Import Request.
  Time since last request: 0.003497 seconds.
  path: Assets/재/5 23.mat
  artifactKey: Guid(cf96f363f04a341ada71b3f42e1b2619) Importer(815301076,1909f56bfc062723c751e8b465ee728b)
Start importing Assets/재/5 23.mat using Guid(cf96f363f04a341ada71b3f42e1b2619) Importer(815301076,1909f56bfc062723c751e8b465ee728b) (PreviewImporter) -> (artifact id: '03cb5863444febef5072169ab5f6d46f') in 0.0177796 seconds
Number of updated asset objects reloaded before import = 0Number of asset objects unloaded after import = 1

========================================================================
Received Import Request.
  Time since last request: 0.004458 seconds.
  path: Assets/재/5 7.mat
  artifactKey: Guid(4155e64dcffba42fe83e8b742df20f08) Importer(815301076,1909f56bfc062723c751e8b465ee728b)
Start importing Assets/재/5 7.mat using Guid(4155e64dcffba42fe83e8b742df20f08) Importer(815301076,1909f56bfc062723c751e8b465ee728b) (PreviewImporter) -> (artifact id: '9523928bf401ea9307df66c26f8e018f') in 0.0193117 seconds
Number of updated asset objects reloaded before import = 0Number of asset objects unloaded after import = 1

========================================================================
Received Import Request.
  Time since last request: 0.003915 seconds.
  path: Assets/재/5 21.mat
  artifactKey: Guid(b8efaafa4255941dd8b1046166117c90) Importer(815301076,1909f56bfc062723c751e8b465ee728b)
Start importing Assets/재/5 21.mat using Guid(b8efaafa4255941dd8b1046166117c90) Importer(815301076,1909f56bfc062723c751e8b465ee728b) (PreviewImporter) -> (artifact id: 'dad4bbc346fb84a41c09bbbb64faae41') in 0.0150449 seconds
Number of updated asset objects reloaded before import = 0Number of asset objects unloaded after import = 1

========================================================================
Received Import Request.
  Time since last request: 0.009112 seconds.
  path: Assets/재/5 18.mat
  artifactKey: Guid(c7efaa862feb54622930a0d30f8fabfc) Importer(815301076,1909f56bfc062723c751e8b465ee728b)
Start importing Assets/재/5 18.mat using Guid(c7efaa862feb54622930a0d30f8fabfc) Importer(815301076,1909f56bfc062723c751e8b465ee728b) (PreviewImporter) -> (artifact id: '503d4b9e548ae72d2d9136de932c6152') in 0.0198355 seconds
Number of updated asset objects reloaded before import = 0Number of asset objects unloaded after import = 1

========================================================================
Received Import Request.
  Time since last request: 0.004379 seconds.
  path: Assets/재/4.mat
  artifactKey: Guid(8b85e93366f204c46a8e84c941ddbb39) Importer(815301076,1909f56bfc062723c751e8b465ee728b)
Start importing Assets/재/4.mat using Guid(8b85e93366f204c46a8e84c941ddbb39) Importer(815301076,1909f56bfc062723c751e8b465ee728b) (PreviewImporter) -> (artifact id: 'a5841e26d047f3f462e2c1a8627930d5') in 0.0154963 seconds
Number of updated asset objects reloaded before import = 0Number of asset objects unloaded after import = 2

========================================================================
Received Import Request.
  Time since last request: 0.003678 seconds.
  path: Assets/재/5 19.mat
  artifactKey: Guid(a8558f98a17d44ab6b8af57dc926cd06) Importer(815301076,1909f56bfc062723c751e8b465ee728b)
Start importing Assets/재/5 19.mat using Guid(a8558f98a17d44ab6b8af57dc926cd06) Importer(815301076,1909f56bfc062723c751e8b465ee728b) (PreviewImporter) -> (artifact id: 'cd45ff7eea415179e3baa410e466e7d3') in 0.0182693 seconds
Number of updated asset objects reloaded before import = 0Number of asset objects unloaded after import = 1

========================================================================
Received Import Request.
  Time since last request: 0.005899 seconds.
  path: Assets/Plugins/Demigiant/DOTween/DOTween.dll
  artifactKey: Guid(a811bde74b26b53498b4f6d872b09b6d) Importer(815301076,1909f56bfc062723c751e8b465ee728b)
Start importing Assets/Plugins/Demigiant/DOTween/DOTween.dll using Guid(a811bde74b26b53498b4f6d872b09b6d) Importer(815301076,1909f56bfc062723c751e8b465ee728b) (PreviewImporter) -> (artifact id: 'c18e4982f5fdd78a8d64b970416b4050') in 0.0008831 seconds
Number of updated asset objects reloaded before import = 0Number of asset objects unloaded after import = 0

========================================================================
Received Import Request.
  Time since last request: 0.004033 seconds.
  path: Assets/Plugins/Demigiant/DOTween/Modules/DOTweenModuleUnityVersion.cs
  artifactKey: Guid(63c02322328255542995bd02b47b0457) Importer(815301076,1909f56bfc062723c751e8b465ee728b)
Start importing Assets/Plugins/Demigiant/DOTween/Modules/DOTweenModuleUnityVersion.cs using Guid(63c02322328255542995bd02b47b0457) Importer(815301076,1909f56bfc062723c751e8b465ee728b) (PreviewImporter) -> (artifact id: '9ade5425a69de753cbb6237db1a95ddc') in 0.0009359 seconds
Number of updated asset objects reloaded before import = 0Number of asset objects unloaded after import = 0

========================================================================
Received Import Request.
  Time since last request: 0.003121 seconds.
  path: Assets/Plugins/Demigiant/DOTween/Modules/DOTweenModulePhysics.cs
  artifactKey: Guid(dae9aa560b4242648a3affa2bfabc365) Importer(815301076,1909f56bfc062723c751e8b465ee728b)
Start importing Assets/Plugins/Demigiant/DOTween/Modules/DOTweenModulePhysics.cs using Guid(dae9aa560b4242648a3affa2bfabc365) Importer(815301076,1909f56bfc062723c751e8b465ee728b) (PreviewImporter) -> (artifact id: '31fb7a220f626259ca0ec9d9f3d44af5') in 0.0006483 seconds
Number of updated asset objects reloaded before import = 0Number of asset objects unloaded after import = 0

========================================================================
Received Import Request.
  Time since last request: 0.004827 seconds.
  path: Assets/Plugins/Demigiant/DOTween/Modules/DOTweenModuleUI.cs
  artifactKey: Guid(a060394c03331a64392db53a10e7f2d1) Importer(815301076,1909f56bfc062723c751e8b465ee728b)
Start importing Assets/Plugins/Demigiant/DOTween/Modules/DOTweenModuleUI.cs using Guid(a060394c03331a64392db53a10e7f2d1) Importer(815301076,1909f56bfc062723c751e8b465ee728b) (PreviewImporter) -> (artifact id: 'abb1f5aaf2eba242edcbfe374c6f5a1a') in 0.0010105 seconds
Number of updated asset objects reloaded before import = 0Number of asset objects unloaded after import = 0

========================================================================
Received Import Request.
  Time since last request: 0.003607 seconds.
  path: Assets/Plugins/Demigiant/DOTween/Modules/DOTweenModuleEPOOutline.cs
  artifactKey: Guid(e944529dcaee98f4e9498d80e541d93e) Importer(815301076,1909f56bfc062723c751e8b465ee728b)
Start importing Assets/Plugins/Demigiant/DOTween/Modules/DOTweenModuleEPOOutline.cs using Guid(e944529dcaee98f4e9498d80e541d93e) Importer(815301076,1909f56bfc062723c751e8b465ee728b) (PreviewImporter) -> (artifact id: '6cf24f3b22d633b69d800f6e299a570b') in 0.0006504 seconds
Number of updated asset objects reloaded before import = 0Number of asset objects unloaded after import = 0

========================================================================
Received Import Request.
  Time since last request: 0.003381 seconds.
  path: Assets/script/board.cs
  artifactKey: Guid(ef74d41b52a0a459387c391d268d0c58) Importer(815301076,1909f56bfc062723c751e8b465ee728b)
Start importing Assets/script/board.cs using Guid(ef74d41b52a0a459387c391d268d0c58) Importer(815301076,1909f56bfc062723c751e8b465ee728b) (PreviewImporter) -> (artifact id: '42d70e056d84adb7c7ceb071b65ac4eb') in 0.0006713 seconds
Number of updated asset objects reloaded before import = 0Number of asset objects unloaded after import = 0

========================================================================
Received Import Request.
  Time since last request: 0.004238 seconds.
  path: Assets/재/1.mat
  artifactKey: Guid(b56b58cd8eeaa4d0daa2039cc3c43b9c) Importer(815301076,1909f56bfc062723c751e8b465ee728b)
Start importing Assets/재/1.mat using Guid(b56b58cd8eeaa4d0daa2039cc3c43b9c) Importer(815301076,1909f56bfc062723c751e8b465ee728b) (PreviewImporter) -> (artifact id: '61c4938a5ee45a09ed93a3df79666083') in 0.015814 seconds
Number of updated asset objects reloaded before import = 0Number of asset objects unloaded after import = 2

========================================================================
Received Import Request.
  Time since last request: 0.004577 seconds.
  path: Assets/재/5 11.mat
  artifactKey: Guid(fa9981d10b57e4e8eafb5f680ca0bd6e) Importer(815301076,1909f56bfc062723c751e8b465ee728b)
Start importing Assets/재/5 11.mat using Guid(fa9981d10b57e4e8eafb5f680ca0bd6e) Importer(815301076,1909f56bfc062723c751e8b465ee728b) (PreviewImporter) -> (artifact id: '6ac26c7f18b190d06d4a9b25579e0522') in 0.0153798 seconds
Number of updated asset objects reloaded before import = 0Number of asset objects unloaded after import = 1

========================================================================
Received Import Request.
  Time since last request: 0.003617 seconds.
  path: Assets/재/5 6.mat
  artifactKey: Guid(133b6be4e1ca4430cbbc37b7359b48bd) Importer(815301076,1909f56bfc062723c751e8b465ee728b)
Start importing Assets/재/5 6.mat using Guid(133b6be4e1ca4430cbbc37b7359b48bd) Importer(815301076,1909f56bfc062723c751e8b465ee728b) (PreviewImporter) -> (artifact id: '4383bf219d114094dd8e492d1b884cf2') in 0.0152333 seconds
Number of updated asset objects reloaded before import = 0Number of asset objects unloaded after import = 1

========================================================================
Received Import Request.
  Time since last request: 0.003125 seconds.
  path: Assets/Plugins/Demigiant/DOTween/Modules/DOTweenModulePhysics2D.cs
  artifactKey: Guid(230fe34542e175245ba74b4659dae700) Importer(815301076,1909f56bfc062723c751e8b465ee728b)
Start importing Assets/Plugins/Demigiant/DOTween/Modules/DOTweenModulePhysics2D.cs using Guid(230fe34542e175245ba74b4659dae700) Importer(815301076,1909f56bfc062723c751e8b465ee728b) (PreviewImporter) -> (artifact id: '838f4d84ac039f238d525e3b13fbd18f') in 0.0005835 seconds
Number of updated asset objects reloaded before import = 0Number of asset objects unloaded after import = 0

========================================================================
Received Import Request.
  Time since last request: 0.003601 seconds.
  path: Assets/Plugins/Demigiant/DOTween/Modules/DOTweenModuleSprite.cs
  artifactKey: Guid(188918ab119d93148aa0de59ccf5286b) Importer(815301076,1909f56bfc062723c751e8b465ee728b)
Start importing Assets/Plugins/Demigiant/DOTween/Modules/DOTweenModuleSprite.cs using Guid(188918ab119d93148aa0de59ccf5286b) Importer(815301076,1909f56bfc062723c751e8b465ee728b) (PreviewImporter) -> (artifact id: '876468410cc763e6d31330c0f6ef5ac7') in 0.0009718 seconds
Number of updated asset objects reloaded before import = 0Number of asset objects unloaded after import = 0

========================================================================
Received Import Request.
  Time since last request: 0.004205 seconds.
  path: Assets/재/5 8.mat
  artifactKey: Guid(781cc37e43f4b445c8a5c134d027f410) Importer(815301076,1909f56bfc062723c751e8b465ee728b)
Start importing Assets/재/5 8.mat using Guid(781cc37e43f4b445c8a5c134d027f410) Importer(815301076,1909f56bfc062723c751e8b465ee728b) (PreviewImporter) -> (artifact id: '96acd756e323fba2a022619d83179332') in 0.0164057 seconds
Number of updated asset objects reloaded before import = 0Number of asset objects unloaded after import = 1

========================================================================
Received Import Request.
  Time since last request: 0.004154 seconds.
  path: Assets/재/5 13.mat
  artifactKey: Guid(bdeed5f57ab2f476e97316aed3cbbc61) Importer(815301076,1909f56bfc062723c751e8b465ee728b)
Start importing Assets/재/5 13.mat using Guid(bdeed5f57ab2f476e97316aed3cbbc61) Importer(815301076,1909f56bfc062723c751e8b465ee728b) (PreviewImporter) -> (artifact id: 'b2c43c1dc83af3abbc526c1bcb32f9e6') in 0.0174882 seconds
Number of updated asset objects reloaded before import = 0Number of asset objects unloaded after import = 1

========================================================================
Received Import Request.
  Time since last request: 0.004466 seconds.
  path: Assets/재/5 20.mat
  artifactKey: Guid(592043a932c8d4f9e80c27c1140a5d5d) Importer(815301076,1909f56bfc062723c751e8b465ee728b)
Start importing Assets/재/5 20.mat using Guid(592043a932c8d4f9e80c27c1140a5d5d) Importer(815301076,1909f56bfc062723c751e8b465ee728b) (PreviewImporter) -> (artifact id: '7836e5430e8648d28a4c49d587c5c112') in 0.0196851 seconds
Number of updated asset objects reloaded before import = 0Number of asset objects unloaded after import = 1

========================================================================
Received Import Request.
  Time since last request: 0.004210 seconds.
  path: Assets/script/show.cs
  artifactKey: Guid(c1fafbd8713f443f7b26bfdd4b2182de) Importer(815301076,1909f56bfc062723c751e8b465ee728b)
Start importing Assets/script/show.cs using Guid(c1fafbd8713f443f7b26bfdd4b2182de) Importer(815301076,1909f56bfc062723c751e8b465ee728b) (PreviewImporter) -> (artifact id: '6d87d803d9766c7782f26e49743ceedd') in 0.000772 seconds
Number of updated asset objects reloaded before import = 0Number of asset objects unloaded after import = 0

========================================================================
Received Import Request.
  Time since last request: 0.004583 seconds.
  path: Assets/재/5 22.mat
  artifactKey: Guid(bbcce4b7c74a24e099658fadf188e6b6) Importer(815301076,1909f56bfc062723c751e8b465ee728b)
Start importing Assets/재/5 22.mat using Guid(bbcce4b7c74a24e099658fadf188e6b6) Importer(815301076,1909f56bfc062723c751e8b465ee728b) (PreviewImporter) -> (artifact id: '865856259c51cd2d020cf64b76f3d1b5') in 0.0210775 seconds
Number of updated asset objects reloaded before import = 0Number of asset objects unloaded after import = 1

========================================================================
Received Import Request.
  Time since last request: 0.004962 seconds.
  path: Assets/script/car.cs
  artifactKey: Guid(2283deb824a714caca3ea22bb8a9b013) Importer(815301076,1909f56bfc062723c751e8b465ee728b)
Start importing Assets/script/car.cs using Guid(2283deb824a714caca3ea22bb8a9b013) Importer(815301076,1909f56bfc062723c751e8b465ee728b) (PreviewImporter) -> (artifact id: '39dac641ba439fc8902aeab4d9ef90c3') in 0.0007716 seconds
Number of updated asset objects reloaded before import = 0Number of asset objects unloaded after import = 0

========================================================================
Received Import Request.
  Time since last request: 0.003742 seconds.
  path: Assets/Plugins/Demigiant/DOTween/Editor/DOTweenEditor.dll
  artifactKey: Guid(45d5034162d6cf04dbe46da84fc7d074) Importer(815301076,1909f56bfc062723c751e8b465ee728b)
Start importing Assets/Plugins/Demigiant/DOTween/Editor/DOTweenEditor.dll using Guid(45d5034162d6cf04dbe46da84fc7d074) Importer(815301076,1909f56bfc062723c751e8b465ee728b) (PreviewImporter) -> (artifact id: '9c15d9235f6ed9c1212d8831f1dcf285') in 0.0006115 seconds
Number of updated asset objects reloaded before import = 0Number of asset objects unloaded after import = 0

========================================================================
Received Import Request.
  Time since last request: 0.003501 seconds.
  path: Assets/재/5 1.mat
  artifactKey: Guid(8b1b65ba1a66049ee9d41fa62f8442c3) Importer(815301076,1909f56bfc062723c751e8b465ee728b)
Start importing Assets/재/5 1.mat using Guid(8b1b65ba1a66049ee9d41fa62f8442c3) Importer(815301076,1909f56bfc062723c751e8b465ee728b) (PreviewImporter) -> (artifact id: '8f1ad3c72ed0df053b73c47fa00ff900') in 0.0174929 seconds
Number of updated asset objects reloaded before import = 0Number of asset objects unloaded after import = 1

========================================================================
Received Import Request.
  Time since last request: 0.004664 seconds.
  path: Assets/재/5 12.mat
  artifactKey: Guid(8913515e6937a477683977526c26c984) Importer(815301076,1909f56bfc062723c751e8b465ee728b)
Start importing Assets/재/5 12.mat using Guid(8913515e6937a477683977526c26c984) Importer(815301076,1909f56bfc062723c751e8b465ee728b) (PreviewImporter) -> (artifact id: '69beadc9de5ae460c0c22e8ba6ceff4b') in 0.0158562 seconds
Number of updated asset objects reloaded before import = 0Number of asset objects unloaded after import = 1

========================================================================
Received Import Request.
  Time since last request: 0.003929 seconds.
  path: Assets/Plugins/Demigiant/DOTween/Modules/DOTweenModuleAudio.cs
  artifactKey: Guid(b766d08851589514b97afb23c6f30a70) Importer(815301076,1909f56bfc062723c751e8b465ee728b)
Start importing Assets/Plugins/Demigiant/DOTween/Modules/DOTweenModuleAudio.cs using Guid(b766d08851589514b97afb23c6f30a70) Importer(815301076,1909f56bfc062723c751e8b465ee728b) (PreviewImporter) -> (artifact id: '49efac7d92766f112d39393289752846') in 0.0005645 seconds
Number of updated asset objects reloaded before import = 0Number of asset objects unloaded after import = 0

========================================================================
Received Import Request.
  Time since last request: 0.003160 seconds.
  path: Assets/재/5 4.mat
  artifactKey: Guid(f10a7509828a243b5af053740aa33360) Importer(815301076,1909f56bfc062723c751e8b465ee728b)
Start importing Assets/재/5 4.mat using Guid(f10a7509828a243b5af053740aa33360) Importer(815301076,1909f56bfc062723c751e8b465ee728b) (PreviewImporter) -> (artifact id: 'a0a866bda9d988d535ed5dc98a815af8') in 0.0150609 seconds
Number of updated asset objects reloaded before import = 0Number of asset objects unloaded after import = 1

========================================================================
Received Import Request.
  Time since last request: 0.004982 seconds.
  path: Assets/재/5 2.mat
  artifactKey: Guid(4ebc5e6677d264eb6ae302ba8647bf1e) Importer(815301076,1909f56bfc062723c751e8b465ee728b)
Start importing Assets/재/5 2.mat using Guid(4ebc5e6677d264eb6ae302ba8647bf1e) Importer(815301076,1909f56bfc062723c751e8b465ee728b) (PreviewImporter) -> (artifact id: '49e50c71e5b8f27b5e9d2a74b20a5e8d') in 0.0147465 seconds
Number of updated asset objects reloaded before import = 0Number of asset objects unloaded after import = 1

========================================================================
Received Import Request.
  Time since last request: 0.004864 seconds.
  path: Assets/재/3.mat
  artifactKey: Guid(91ea415709eb642b59336429733dc6df) Importer(815301076,1909f56bfc062723c751e8b465ee728b)
Start importing Assets/재/3.mat using Guid(91ea415709eb642b59336429733dc6df) Importer(815301076,1909f56bfc062723c751e8b465ee728b) (PreviewImporter) -> (artifact id: '30b9c90b921a15b36806dc38cf77b530') in 0.0154966 seconds
Number of updated asset objects reloaded before import = 0Number of asset objects unloaded after import = 1

========================================================================
Received Import Request.
  Time since last request: 0.003326 seconds.
  path: Assets/재/5 15.mat
  artifactKey: Guid(335ea990113b64e5db441a15e9b7d8c2) Importer(815301076,1909f56bfc062723c751e8b465ee728b)
Start importing Assets/재/5 15.mat using Guid(335ea990113b64e5db441a15e9b7d8c2) Importer(815301076,1909f56bfc062723c751e8b465ee728b) (PreviewImporter) -> (artifact id: '04cc42aea65fb7d9a4924f29952fe8f6') in 0.0151203 seconds
Number of updated asset objects reloaded before import = 0Number of asset objects unloaded after import = 1

========================================================================
Received Import Request.
  Time since last request: 0.007099 seconds.
  path: Assets/Plugins/Demigiant/DOTween/Modules/DOTweenModuleUtils.cs
  artifactKey: Guid(7bcaf917d9cf5b84090421a5a2abe42e) Importer(815301076,1909f56bfc062723c751e8b465ee728b)
Start importing Assets/Plugins/Demigiant/DOTween/Modules/DOTweenModuleUtils.cs using Guid(7bcaf917d9cf5b84090421a5a2abe42e) Importer(815301076,1909f56bfc062723c751e8b465ee728b) (PreviewImporter) -> (artifact id: 'aba49b92892afd5942a880516d40599a') in 0.0016876 seconds
Number of updated asset objects reloaded before import = 0Number of asset objects unloaded after import = 0

========================================================================
Received Import Request.
  Time since last request: 0.005078 seconds.
  path: Assets/재/5 5.mat
  artifactKey: Guid(948e09dcaa58245a1889af5cc1eb66d9) Importer(815301076,1909f56bfc062723c751e8b465ee728b)
Start importing Assets/재/5 5.mat using Guid(948e09dcaa58245a1889af5cc1eb66d9) Importer(815301076,1909f56bfc062723c751e8b465ee728b) (PreviewImporter) -> (artifact id: '535ea1e0f8b452f58609f74a4bc166b6') in 0.0159045 seconds
Number of updated asset objects reloaded before import = 0Number of asset objects unloaded after import = 1

========================================================================
Received Import Request.
  Time since last request: 0.003883 seconds.
  path: Assets/재/2.mat
  artifactKey: Guid(5edb2eaaec14a4299bc815948caecde3) Importer(815301076,1909f56bfc062723c751e8b465ee728b)
Start importing Assets/재/2.mat using Guid(5edb2eaaec14a4299bc815948caecde3) Importer(815301076,1909f56bfc062723c751e8b465ee728b) (PreviewImporter) -> (artifact id: '4361e84c7f038d3c97b18ed99a12e2c9') in 0.0158729 seconds
Number of updated asset objects reloaded before import = 0Number of asset objects unloaded after import = 1

========================================================================
Received Import Request.
  Time since last request: 0.003420 seconds.
  path: Assets/재/5 17.mat
  artifactKey: Guid(3c5f8fdeb959a4fe6a62a4fc9ca4ea15) Importer(815301076,1909f56bfc062723c751e8b465ee728b)
Start importing Assets/재/5 17.mat using Guid(3c5f8fdeb959a4fe6a62a4fc9ca4ea15) Importer(815301076,1909f56bfc062723c751e8b465ee728b) (PreviewImporter) -> (artifact id: '075e5361cec5e6ea77afc93c58987db8') in 0.0176711 seconds
Number of updated asset objects reloaded before import = 0Number of asset objects unloaded after import = 1

========================================================================
Received Import Request.
  Time since last request: 0.004695 seconds.
  path: Assets/재/5 9.mat
  artifactKey: Guid(007d6de789ab54d1087aca4466461a46) Importer(815301076,1909f56bfc062723c751e8b465ee728b)
Start importing Assets/재/5 9.mat using Guid(007d6de789ab54d1087aca4466461a46) Importer(815301076,1909f56bfc062723c751e8b465ee728b) (PreviewImporter) -> (artifact id: 'bfef5bf4bee0561699098c3c48a24e90') in 0.0155685 seconds
Number of updated asset objects reloaded before import = 0Number of asset objects unloaded after import = 1

