Using pre-set license
Built from '2022.3/release' branch; Version is '2022.3.5f1 (9674261d40ee) revision 9860134'; Using compiler version '192829333'; Build Type 'Release'
OS: 'Windows 10  (10.0.19045) 64bit Professional' Language: 'ko' Physical Memory: 23983 MB
BatchMode: 1, IsHumanControllingUs: 0, StartBugReporterOnCrash: 0, Is64bit: 1, IsPro: 1

COMMAND LINE ARGUMENTS:
C:\Program Files\Unity\Hub\Editor\2022.3.5f1\Editor\Unity.exe
-adb2
-batchMode
-noUpm
-name
AssetImportWorker0
-projectPath
C:/Users/me/Desktop/My project
-logFile
Logs/AssetImportWorker0.log
-srvPort
54907
Successfully changed project path to: C:/Users/me/Desktop/My project
C:/Users/me/Desktop/My project
[UnityMemory] Configuration Parameters - Can be set up in boot.config
    "memorysetup-bucket-allocator-granularity=16"
    "memorysetup-bucket-allocator-bucket-count=8"
    "memorysetup-bucket-allocator-block-size=33554432"
    "memorysetup-bucket-allocator-block-count=8"
    "memorysetup-main-allocator-block-size=16777216"
    "memorysetup-thread-allocator-block-size=16777216"
    "memorysetup-gfx-main-allocator-block-size=16777216"
    "memorysetup-gfx-thread-allocator-block-size=16777216"
    "memorysetup-cache-allocator-block-size=4194304"
    "memorysetup-typetree-allocator-block-size=2097152"
    "memorysetup-profiler-bucket-allocator-granularity=16"
    "memorysetup-profiler-bucket-allocator-bucket-count=8"
    "memorysetup-profiler-bucket-allocator-block-size=33554432"
    "memorysetup-profiler-bucket-allocator-block-count=8"
    "memorysetup-profiler-allocator-block-size=16777216"
    "memorysetup-profiler-editor-allocator-block-size=1048576"
    "memorysetup-temp-allocator-size-main=16777216"
    "memorysetup-job-temp-allocator-block-size=2097152"
    "memorysetup-job-temp-allocator-block-size-background=1048576"
    "memorysetup-job-temp-allocator-reduction-small-platforms=262144"
    "memorysetup-allocator-temp-initial-block-size-main=262144"
    "memorysetup-allocator-temp-initial-block-size-worker=262144"
    "memorysetup-temp-allocator-size-background-worker=32768"
    "memorysetup-temp-allocator-size-job-worker=262144"
    "memorysetup-temp-allocator-size-preload-manager=33554432"
    "memorysetup-temp-allocator-size-nav-mesh-worker=65536"
    "memorysetup-temp-allocator-size-audio-worker=65536"
    "memorysetup-temp-allocator-size-cloud-worker=32768"
    "memorysetup-temp-allocator-size-gi-baking-worker=262144"
    "memorysetup-temp-allocator-size-gfx=262144"
Player connection [4600] Host "[IP] 192.168.35.177 [Port] 0 [Flags] 2 [Guid] 3458463474 [EditorId] 3458463474 [Version] 1048832 [Id] WindowsEditor(7,DESKTOP-373QPVV) [Debug] 1 [PackageName] WindowsEditor [ProjectName] Editor" joined multi-casting on [225.0.0.222:54997]...

Player connection [4600] Host "[IP] 192.168.35.177 [Port] 0 [Flags] 2 [Guid] 3458463474 [EditorId] 3458463474 [Version] 1048832 [Id] WindowsEditor(7,DESKTOP-373QPVV) [Debug] 1 [PackageName] WindowsEditor [ProjectName] Editor" joined alternative multi-casting on [225.0.0.222:34997]...

Refreshing native plugins compatible for Editor in 12.78 ms, found 3 plugins.
Preloading 0 native plugins for Editor in 0.00 ms.
Initialize engine version: 2022.3.5f1 (9674261d40ee)
[Subsystems] Discovering subsystems at path C:/Program Files/Unity/Hub/Editor/2022.3.5f1/Editor/Data/Resources/UnitySubsystems
[Subsystems] Discovering subsystems at path C:/Users/me/Desktop/My project/Assets
GfxDevice: creating device client; threaded=0; jobified=0
Direct3D:
    Version:  Direct3D 11.0 [level 11.1]
    Renderer: NVIDIA GeForce GTX 1650 (ID=0x1f99)
    Vendor:   NVIDIA
    VRAM:     3949 MB
    Driver:   31.0.15.3758
Initialize mono
Mono path[0] = 'C:/Program Files/Unity/Hub/Editor/2022.3.5f1/Editor/Data/Managed'
Mono path[1] = 'C:/Program Files/Unity/Hub/Editor/2022.3.5f1/Editor/Data/MonoBleedingEdge/lib/mono/unityjit-win32'
Mono config path = 'C:/Program Files/Unity/Hub/Editor/2022.3.5f1/Editor/Data/MonoBleedingEdge/etc'
Using monoOptions --debugger-agent=transport=dt_socket,embedding=1,server=y,suspend=n,address=127.0.0.1:56560
Begin MonoManager ReloadAssembly
Registering precompiled unity dll's ...
Register platform support module: C:/Program Files/Unity/Hub/Editor/2022.3.5f1/Editor/Data/PlaybackEngines/WindowsStandaloneSupport/UnityEditor.WindowsStandalone.Extensions.dll
Registered in 0.010058 seconds.
- Loaded All Assemblies, in  0.423 seconds
Native extension for WindowsStandalone target not found
Mono: successfully reloaded assembly
- Finished resetting the current domain, in  0.363 seconds
Domain Reload Profiling: 783ms
	BeginReloadAssembly (106ms)
		ExecutionOrderSort (0ms)
		DisableScriptedObjects (0ms)
		BackupInstance (0ms)
		ReleaseScriptingObjects (0ms)
		CreateAndSetChildDomain (1ms)
	RebuildCommonClasses (43ms)
	RebuildNativeTypeToScriptingClass (14ms)
	initialDomainReloadingComplete (73ms)
	LoadAllAssembliesAndSetupDomain (184ms)
		LoadAssemblies (104ms)
		RebuildTransferFunctionScriptingTraits (0ms)
		AnalyzeDomain (176ms)
			TypeCache.Refresh (174ms)
				TypeCache.ScanAssembly (158ms)
			ScanForSourceGeneratedMonoScriptInfo (0ms)
			ResolveRequiredComponents (1ms)
	FinalizeReload (363ms)
		ReleaseScriptCaches (0ms)
		RebuildScriptCaches (0ms)
		SetupLoadedEditorAssemblies (282ms)
			LogAssemblyErrors (0ms)
			InitializePlatformSupportModulesInManaged (15ms)
			SetLoadedEditorAssemblies (11ms)
			RefreshPlugins (0ms)
			BeforeProcessingInitializeOnLoad (3ms)
			ProcessInitializeOnLoadAttributes (187ms)
			ProcessInitializeOnLoadMethodAttributes (66ms)
			AfterProcessingInitializeOnLoad (0ms)
			EditorAssembliesLoaded (0ms)
		ExecutionOrderSort2 (0ms)
		AwakeInstancesAfterBackupRestoration (0ms)
========================================================================
Worker process is ready to serve import requests
Begin MonoManager ReloadAssembly
Symbol file LoadedFromMemory doesn't match image C:\Users\me\Desktop\My project\Library\PackageCache\com.unity.visualscripting@1.8.0\Editor\VisualScripting.Core\Dependencies\YamlDotNet\Unity.VisualScripting.YamlDotNet.dll
Symbol file LoadedFromMemory doesn't match image C:\Users\me\Desktop\My project\Library\PackageCache\com.unity.visualscripting@1.8.0\Editor\VisualScripting.Core\Dependencies\DotNetZip\Unity.VisualScripting.IonicZip.dll
- Loaded All Assemblies, in  0.916 seconds
Refreshing native plugins compatible for Editor in 2.86 ms, found 3 plugins.
Native extension for WindowsStandalone target not found
Mono: successfully reloaded assembly
- Finished resetting the current domain, in  0.709 seconds
Domain Reload Profiling: 1622ms
	BeginReloadAssembly (193ms)
		ExecutionOrderSort (0ms)
		DisableScriptedObjects (6ms)
		BackupInstance (0ms)
		ReleaseScriptingObjects (0ms)
		CreateAndSetChildDomain (28ms)
	RebuildCommonClasses (46ms)
	RebuildNativeTypeToScriptingClass (14ms)
	initialDomainReloadingComplete (65ms)
	LoadAllAssembliesAndSetupDomain (595ms)
		LoadAssemblies (305ms)
		RebuildTransferFunctionScriptingTraits (0ms)
		AnalyzeDomain (364ms)
			TypeCache.Refresh (337ms)
				TypeCache.ScanAssembly (324ms)
			ScanForSourceGeneratedMonoScriptInfo (21ms)
			ResolveRequiredComponents (6ms)
	FinalizeReload (710ms)
		ReleaseScriptCaches (0ms)
		RebuildScriptCaches (0ms)
		SetupLoadedEditorAssemblies (505ms)
			LogAssemblyErrors (0ms)
			InitializePlatformSupportModulesInManaged (12ms)
			SetLoadedEditorAssemblies (6ms)
			RefreshPlugins (0ms)
			BeforeProcessingInitializeOnLoad (84ms)
			ProcessInitializeOnLoadAttributes (369ms)
			ProcessInitializeOnLoadMethodAttributes (24ms)
			AfterProcessingInitializeOnLoad (10ms)
			EditorAssembliesLoaded (0ms)
		ExecutionOrderSort2 (0ms)
		AwakeInstancesAfterBackupRestoration (10ms)
Launched and connected shader compiler UnityShaderCompiler.exe after 0.05 seconds
Refreshing native plugins compatible for Editor in 3.34 ms, found 3 plugins.
Preloading 0 native plugins for Editor in 0.00 ms.
Unloading 3068 Unused Serialized files (Serialized files now loaded: 0)
Unloading 31 unused Assets / (56.3 KB). Loaded Objects now: 3543.
Memory consumption went from 128.6 MB to 128.6 MB.
Total: 3.408100 ms (FindLiveObjects: 0.430700 ms CreateObjectMapping: 0.174400 ms MarkObjects: 2.677800 ms  DeleteObjects: 0.123400 ms)

AssetImportParameters requested are different than current active one (requested -> active):
  custom:container-demuxer-ogg: 62fdf1f143b41e24485cea50d1cbac27 -> 
  custom:video-decoder-ogg-theora: a1e56fd34408186e4bbccfd4996cb3dc -> 
  custom:framework-win-MediaFoundation: 216162199b28c13a410421893ffa2e32 -> 
  custom:CustomObjectIndexerAttribute: 756ad292c208cfabdd7b50bc23989ffe -> 
  custom:container-demuxer-webm: 4f35f7cbe854078d1ac9338744f61a02 -> 
  custom:container-muxer-webm: aa71ff27fc2769a1b78a27578f13a17b -> 
  custom:video-decoder-webm-vp8: 9c59270c3fd7afecdb556c50c9e8de78 -> 
  custom:AudioImporter_EditorPlatform: d09bf68614088b80899f8185d706f6e7 -> 
  custom:video-encoder-webm-vp8: eb34c28f22e8b96e1ab97ce403110664 -> 
  custom:audio-decoder-ogg-vorbis: bf7c407c2cedff20999df2af8eb42d56 -> 
  custom:audio-encoder-webm-vorbis: bf7c407c2cedff20999df2af8eb42d56 -> 
========================================================================
Received Import Request.
  Time since last request: 92545.188462 seconds.
  path: Assets/polyperfect/Low Poly Ultimate Pack/M/- Meshes_M/Construction_M/scaffolding.fbx
  artifactKey: Guid(80040254dc2e523418193ddcbdff3476) Importer(815301076,1909f56bfc062723c751e8b465ee728b)
Start importing Assets/polyperfect/Low Poly Ultimate Pack/M/- Meshes_M/Construction_M/scaffolding.fbx using Guid(80040254dc2e523418193ddcbdff3476) Importer(815301076,1909f56bfc062723c751e8b465ee728b)  -> (artifact id: 'a27b0803a9a42ca812355b1ab0a7b43b') in 0.175180 seconds
Number of updated asset objects reloaded before import = 0
Number of asset objects unloaded after import = 7
========================================================================
Received Import Request.
  Time since last request: 0.007988 seconds.
  path: Assets/polyperfect/Low Poly Ultimate Pack/- Materials/Colors/14 BROWN LIGHTEST-LPUP.mat
  artifactKey: Guid(a7862d5615928c34e868320de65c2777) Importer(815301076,1909f56bfc062723c751e8b465ee728b)
Start importing Assets/polyperfect/Low Poly Ultimate Pack/- Materials/Colors/14 BROWN LIGHTEST-LPUP.mat using Guid(a7862d5615928c34e868320de65c2777) Importer(815301076,1909f56bfc062723c751e8b465ee728b)  -> (artifact id: '29d4f8e1743841d8407efa0bd0fe55b3') in 0.049327 seconds
Number of updated asset objects reloaded before import = 0
Number of asset objects unloaded after import = 1
========================================================================
Received Import Request.
  Time since last request: 0.008264 seconds.
  path: Assets/polyperfect/Low Poly Ultimate Pack/- Materials/Colors/29 ORANGE-LIGHT-LPUP.mat
  artifactKey: Guid(2768469f7f5282a4282f61dbf62e68e2) Importer(815301076,1909f56bfc062723c751e8b465ee728b)
Start importing Assets/polyperfect/Low Poly Ultimate Pack/- Materials/Colors/29 ORANGE-LIGHT-LPUP.mat using Guid(2768469f7f5282a4282f61dbf62e68e2) Importer(815301076,1909f56bfc062723c751e8b465ee728b)  -> (artifact id: '10f2fca57107f903e92bf8f6c3ca7942') in 0.026278 seconds
Number of updated asset objects reloaded before import = 0
Number of asset objects unloaded after import = 1
========================================================================
Received Import Request.
  Time since last request: 0.030030 seconds.
  path: Assets/polyperfect/Low Poly Ultimate Pack/- Materials/Colors/57 BLACK-LPUP.mat
  artifactKey: Guid(66c05709e04ed42a3a537ad26aca9cb8) Importer(815301076,1909f56bfc062723c751e8b465ee728b)
Start importing Assets/polyperfect/Low Poly Ultimate Pack/- Materials/Colors/57 BLACK-LPUP.mat using Guid(66c05709e04ed42a3a537ad26aca9cb8) Importer(815301076,1909f56bfc062723c751e8b465ee728b)  -> (artifact id: '3acba5bc462f27aee1f05f1577ee78d1') in 0.018143 seconds
Number of updated asset objects reloaded before import = 0
Number of asset objects unloaded after import = 1
========================================================================
Received Import Request.
  Time since last request: 0.049270 seconds.
  path: Assets/polyperfect/Low Poly Ultimate Pack/M/- Meshes_M/Construction_M/concrete-ring-upper.fbx
  artifactKey: Guid(fe3ef79774e82d340bc41c1598a694a7) Importer(815301076,1909f56bfc062723c751e8b465ee728b)
Start importing Assets/polyperfect/Low Poly Ultimate Pack/M/- Meshes_M/Construction_M/concrete-ring-upper.fbx using Guid(fe3ef79774e82d340bc41c1598a694a7) Importer(815301076,1909f56bfc062723c751e8b465ee728b)  -> (artifact id: '8e34d92021271d97396bc676828a8ff4') in 0.020427 seconds
Number of updated asset objects reloaded before import = 0
Number of asset objects unloaded after import = 7
========================================================================
Received Import Request.
  Time since last request: 0.005848 seconds.
  path: Assets/polyperfect/Low Poly Ultimate Pack/M/- Meshes_M/Construction_M/brick-plain-stack.fbx
  artifactKey: Guid(ad30900c9150ea14681bf7893169f19b) Importer(815301076,1909f56bfc062723c751e8b465ee728b)
Start importing Assets/polyperfect/Low Poly Ultimate Pack/M/- Meshes_M/Construction_M/brick-plain-stack.fbx using Guid(ad30900c9150ea14681bf7893169f19b) Importer(815301076,1909f56bfc062723c751e8b465ee728b)  -> (artifact id: '261a6e8a36db5c7631521297c6b463f4') in 0.018934 seconds
Number of updated asset objects reloaded before import = 0
Number of asset objects unloaded after import = 7
========================================================================
Received Import Request.
  Time since last request: 0.020521 seconds.
  path: Assets/polyperfect/Low Poly Ultimate Pack/- Materials/Colors/23 GREY-WHITE-LPUP.mat
  artifactKey: Guid(579080bda9f89ee42a5447d6d997e266) Importer(815301076,1909f56bfc062723c751e8b465ee728b)
Start importing Assets/polyperfect/Low Poly Ultimate Pack/- Materials/Colors/23 GREY-WHITE-LPUP.mat using Guid(579080bda9f89ee42a5447d6d997e266) Importer(815301076,1909f56bfc062723c751e8b465ee728b)  -> (artifact id: '1c937c099aebaab3205ea6655fa8a566') in 0.014749 seconds
Number of updated asset objects reloaded before import = 0
Number of asset objects unloaded after import = 1
========================================================================
Received Import Request.
  Time since last request: 0.023259 seconds.
  path: Assets/polyperfect/Low Poly Ultimate Pack/M/- Meshes_M/Construction_M/pipe-concrete.fbx
  artifactKey: Guid(1e6162da9fb600849afe185a930f32c6) Importer(815301076,1909f56bfc062723c751e8b465ee728b)
Start importing Assets/polyperfect/Low Poly Ultimate Pack/M/- Meshes_M/Construction_M/pipe-concrete.fbx using Guid(1e6162da9fb600849afe185a930f32c6) Importer(815301076,1909f56bfc062723c751e8b465ee728b)  -> (artifact id: '8f96360fcfd916f9a1a2ce72249b5b96') in 0.018471 seconds
Number of updated asset objects reloaded before import = 0
Number of asset objects unloaded after import = 7
========================================================================
Received Import Request.
  Time since last request: 0.006567 seconds.
  path: Assets/polyperfect/Low Poly Ultimate Pack/- Materials/Colors/3 SKIN-MEDIUM-LPUP.mat
  artifactKey: Guid(1fff089ce117d4f04a4c4fb00168f400) Importer(815301076,1909f56bfc062723c751e8b465ee728b)
Start importing Assets/polyperfect/Low Poly Ultimate Pack/- Materials/Colors/3 SKIN-MEDIUM-LPUP.mat using Guid(1fff089ce117d4f04a4c4fb00168f400) Importer(815301076,1909f56bfc062723c751e8b465ee728b)  -> (artifact id: '37a64a243af8bcd40bf6366556289332') in 0.014068 seconds
Number of updated asset objects reloaded before import = 0
Number of asset objects unloaded after import = 1
========================================================================
Received Import Request.
  Time since last request: 0.006425 seconds.
  path: Assets/polyperfect/Low Poly Ultimate Pack/M/- Meshes_M/Construction_M/contruction-large.fbx
  artifactKey: Guid(e4c9cd347657d4047ab2bf4787cf3dd4) Importer(815301076,1909f56bfc062723c751e8b465ee728b)
Start importing Assets/polyperfect/Low Poly Ultimate Pack/M/- Meshes_M/Construction_M/contruction-large.fbx using Guid(e4c9cd347657d4047ab2bf4787cf3dd4) Importer(815301076,1909f56bfc062723c751e8b465ee728b)  -> (artifact id: 'af0733b53f7798c95c848e682384f7d5') in 0.033499 seconds
Number of updated asset objects reloaded before import = 0
Number of asset objects unloaded after import = 14
========================================================================
Received Import Request.
  Time since last request: 0.022232 seconds.
  path: Assets/polyperfect/Low Poly Ultimate Pack/- Materials/Colors/4 SKIN-LPUP.mat
  artifactKey: Guid(e4149755fc1d98a498388cedff353ea8) Importer(815301076,1909f56bfc062723c751e8b465ee728b)
Start importing Assets/polyperfect/Low Poly Ultimate Pack/- Materials/Colors/4 SKIN-LPUP.mat using Guid(e4149755fc1d98a498388cedff353ea8) Importer(815301076,1909f56bfc062723c751e8b465ee728b)  -> (artifact id: '1f25d02b91b45edb80481a9f101b0b69') in 0.014363 seconds
Number of updated asset objects reloaded before import = 0
Number of asset objects unloaded after import = 1
========================================================================
Received Import Request.
  Time since last request: 0.006890 seconds.
  path: Assets/polyperfect/Low Poly Ultimate Pack/- Materials/Colors/42 BLUE-DARK-LPUP.mat
  artifactKey: Guid(b064f99cf70b44e47a02b3c08c5bafb5) Importer(815301076,1909f56bfc062723c751e8b465ee728b)
Start importing Assets/polyperfect/Low Poly Ultimate Pack/- Materials/Colors/42 BLUE-DARK-LPUP.mat using Guid(b064f99cf70b44e47a02b3c08c5bafb5) Importer(815301076,1909f56bfc062723c751e8b465ee728b)  -> (artifact id: '162b16e0679d2c3d018ca6539a358560') in 0.014854 seconds
Number of updated asset objects reloaded before import = 0
Number of asset objects unloaded after import = 1
========================================================================
Received Import Request.
  Time since last request: 0.007985 seconds.
  path: Assets/polyperfect/Low Poly Ultimate Pack/M/- Meshes_M/Construction_M/scaffolding-floor.fbx
  artifactKey: Guid(c7af80780b43e8149acf729fc7686397) Importer(815301076,1909f56bfc062723c751e8b465ee728b)
Start importing Assets/polyperfect/Low Poly Ultimate Pack/M/- Meshes_M/Construction_M/scaffolding-floor.fbx using Guid(c7af80780b43e8149acf729fc7686397) Importer(815301076,1909f56bfc062723c751e8b465ee728b)  -> (artifact id: '1c2b0c2901bf010417b9019d4f40fe06') in 0.026134 seconds
Number of updated asset objects reloaded before import = 0
Number of asset objects unloaded after import = 7
========================================================================
Received Import Request.
  Time since last request: 0.023382 seconds.
  path: Assets/polyperfect/Low Poly Ultimate Pack/- Materials/Colors/18 GREY-DARK-LPUP.mat
  artifactKey: Guid(40a353f6117398145a3e785d9854de93) Importer(815301076,1909f56bfc062723c751e8b465ee728b)
Start importing Assets/polyperfect/Low Poly Ultimate Pack/- Materials/Colors/18 GREY-DARK-LPUP.mat using Guid(40a353f6117398145a3e785d9854de93) Importer(815301076,1909f56bfc062723c751e8b465ee728b)  -> (artifact id: '81de5d2fdc8b241ed400ed4d8ce876a1') in 0.015647 seconds
Number of updated asset objects reloaded before import = 0
Number of asset objects unloaded after import = 1
========================================================================
Received Import Request.
  Time since last request: 0.039477 seconds.
  path: Assets/polyperfect/Low Poly Ultimate Pack/- Materials/Colors/7 SKIN-WHITE-LPUP.mat
  artifactKey: Guid(816a1e9d58d34d34b85cfabc577a2fa4) Importer(815301076,1909f56bfc062723c751e8b465ee728b)
Start importing Assets/polyperfect/Low Poly Ultimate Pack/- Materials/Colors/7 SKIN-WHITE-LPUP.mat using Guid(816a1e9d58d34d34b85cfabc577a2fa4) Importer(815301076,1909f56bfc062723c751e8b465ee728b)  -> (artifact id: '75dd68d00a6d69c63cbd1daba16e4015') in 0.014869 seconds
Number of updated asset objects reloaded before import = 0
Number of asset objects unloaded after import = 1
========================================================================
Received Import Request.
  Time since last request: 0.054368 seconds.
  path: Assets/polyperfect/Low Poly Ultimate Pack/- Materials/Colors/36 GREEN-LPUP.mat
  artifactKey: Guid(fb045539f4b18a242aca8e57e88c5cd7) Importer(815301076,1909f56bfc062723c751e8b465ee728b)
Start importing Assets/polyperfect/Low Poly Ultimate Pack/- Materials/Colors/36 GREEN-LPUP.mat using Guid(fb045539f4b18a242aca8e57e88c5cd7) Importer(815301076,1909f56bfc062723c751e8b465ee728b)  -> (artifact id: 'a9e62a1fecd14ea9197fdb26166f6afc') in 0.015557 seconds
Number of updated asset objects reloaded before import = 0
Number of asset objects unloaded after import = 1
========================================================================
Received Import Request.
  Time since last request: 0.024715 seconds.
  path: Assets/polyperfect/Low Poly Ultimate Pack/- Materials/Colors/9 BROWN-DARKEST-LPUP.mat
  artifactKey: Guid(3b20fc9e84b968641b7312bdcdd1ffd8) Importer(815301076,1909f56bfc062723c751e8b465ee728b)
Start importing Assets/polyperfect/Low Poly Ultimate Pack/- Materials/Colors/9 BROWN-DARKEST-LPUP.mat using Guid(3b20fc9e84b968641b7312bdcdd1ffd8) Importer(815301076,1909f56bfc062723c751e8b465ee728b)  -> (artifact id: '9cb536f01516af753d8459bcc4529a57') in 0.014122 seconds
Number of updated asset objects reloaded before import = 0
Number of asset objects unloaded after import = 1
========================================================================
Received Import Request.
  Time since last request: 0.007228 seconds.
  path: Assets/polyperfect/Low Poly Ultimate Pack/M/- Meshes_M/Construction_M/pipe-concrete-stack.fbx
  artifactKey: Guid(442c2a74c5f175545886ce88a7d78f5a) Importer(815301076,1909f56bfc062723c751e8b465ee728b)
Start importing Assets/polyperfect/Low Poly Ultimate Pack/M/- Meshes_M/Construction_M/pipe-concrete-stack.fbx using Guid(442c2a74c5f175545886ce88a7d78f5a) Importer(815301076,1909f56bfc062723c751e8b465ee728b)  -> (artifact id: 'c0e764803a8d38789605a47024f248b7') in 0.019643 seconds
Number of updated asset objects reloaded before import = 0
Number of asset objects unloaded after import = 7
========================================================================
Received Import Request.
  Time since last request: 0.007417 seconds.
  path: Assets/polyperfect/Low Poly Ultimate Pack/- Materials/Colors/17 GREY-DARKEST-LPUP.mat
  artifactKey: Guid(c48ed0c67054fc24da0ac1cced5a308c) Importer(815301076,1909f56bfc062723c751e8b465ee728b)
Start importing Assets/polyperfect/Low Poly Ultimate Pack/- Materials/Colors/17 GREY-DARKEST-LPUP.mat using Guid(c48ed0c67054fc24da0ac1cced5a308c) Importer(815301076,1909f56bfc062723c751e8b465ee728b)  -> (artifact id: '3cffbf9b66775ed045985ad20dba6e52') in 0.019500 seconds
Number of updated asset objects reloaded before import = 0
Number of asset objects unloaded after import = 1
========================================================================
Received Import Request.
  Time since last request: 0.007570 seconds.
  path: Assets/polyperfect/Low Poly Ultimate Pack/M/- Meshes_M/Construction_M/contruction-small.fbx
  artifactKey: Guid(e3f0c96c5f0c0794090c28c8433980f8) Importer(815301076,1909f56bfc062723c751e8b465ee728b)
Start importing Assets/polyperfect/Low Poly Ultimate Pack/M/- Meshes_M/Construction_M/contruction-small.fbx using Guid(e3f0c96c5f0c0794090c28c8433980f8) Importer(815301076,1909f56bfc062723c751e8b465ee728b)  -> (artifact id: '47c9780fec339a1899f7efd8685ee705') in 0.045508 seconds
Number of updated asset objects reloaded before import = 0
Number of asset objects unloaded after import = 14
========================================================================
Received Import Request.
  Time since last request: 0.009339 seconds.
  path: Assets/polyperfect/Low Poly Ultimate Pack/M/- Meshes_M/Construction_M/restroom-portable.fbx
  artifactKey: Guid(4877716823617cf43bd31b1f7b35d673) Importer(815301076,1909f56bfc062723c751e8b465ee728b)
Start importing Assets/polyperfect/Low Poly Ultimate Pack/M/- Meshes_M/Construction_M/restroom-portable.fbx using Guid(4877716823617cf43bd31b1f7b35d673) Importer(815301076,1909f56bfc062723c751e8b465ee728b)  -> (artifact id: '4ba623be487fe396ac7750d6b3341708') in 0.036081 seconds
Number of updated asset objects reloaded before import = 0
Number of asset objects unloaded after import = 7
========================================================================
Received Import Request.
  Time since last request: 0.008857 seconds.
  path: Assets/polyperfect/Low Poly Ultimate Pack/M/- Meshes_M/Construction_M/brick-concrete-stack.fbx
  artifactKey: Guid(30aa122d62701cf4ba80d0c62d05b62c) Importer(815301076,1909f56bfc062723c751e8b465ee728b)
Start importing Assets/polyperfect/Low Poly Ultimate Pack/M/- Meshes_M/Construction_M/brick-concrete-stack.fbx using Guid(30aa122d62701cf4ba80d0c62d05b62c) Importer(815301076,1909f56bfc062723c751e8b465ee728b)  -> (artifact id: 'b5f5e31538c9839013a1a4b0b08c4afe') in 0.031163 seconds
Number of updated asset objects reloaded before import = 0
Number of asset objects unloaded after import = 7
========================================================================
Received Import Request.
  Time since last request: 0.013332 seconds.
  path: Assets/polyperfect/Low Poly Ultimate Pack/- Materials/Colors/13 BROWN-LIGHT-LPUP.mat
  artifactKey: Guid(3193cf6cf65b8a748b1a843c78e6c26d) Importer(815301076,1909f56bfc062723c751e8b465ee728b)
Start importing Assets/polyperfect/Low Poly Ultimate Pack/- Materials/Colors/13 BROWN-LIGHT-LPUP.mat using Guid(3193cf6cf65b8a748b1a843c78e6c26d) Importer(815301076,1909f56bfc062723c751e8b465ee728b)  -> (artifact id: '2ef2d419cf85446571cc89b7effc1086') in 0.055217 seconds
Number of updated asset objects reloaded before import = 0
Number of asset objects unloaded after import = 1
========================================================================
Received Import Request.
  Time since last request: 0.049947 seconds.
  path: Assets/polyperfect/Low Poly Ultimate Pack/M/- Meshes_M/Nature_M/Trees_M/tree-birch-tall.fbx
  artifactKey: Guid(d530d227de7cc4e37a5eb6f5f0d70d8c) Importer(815301076,1909f56bfc062723c751e8b465ee728b)
Start importing Assets/polyperfect/Low Poly Ultimate Pack/M/- Meshes_M/Nature_M/Trees_M/tree-birch-tall.fbx using Guid(d530d227de7cc4e37a5eb6f5f0d70d8c) Importer(815301076,1909f56bfc062723c751e8b465ee728b)  -> (artifact id: 'd08b2d65c342b02658da78a06d580010') in 0.036613 seconds
Number of updated asset objects reloaded before import = 0
Number of asset objects unloaded after import = 7
========================================================================
Received Import Request.
  Time since last request: 0.140196 seconds.
  path: Assets/polyperfect/Low Poly Ultimate Pack/- Textures/atlas-emission-LPUP.png
  artifactKey: Guid(79d6390892d8a494dbe4e12301c0b3c8) Importer(815301076,1909f56bfc062723c751e8b465ee728b)
Start importing Assets/polyperfect/Low Poly Ultimate Pack/- Textures/atlas-emission-LPUP.png using Guid(79d6390892d8a494dbe4e12301c0b3c8) Importer(815301076,1909f56bfc062723c751e8b465ee728b)  -> (artifact id: '0aa0caf42fe5a976026983157e9d45b9') in 0.032172 seconds
Number of updated asset objects reloaded before import = 0
Number of asset objects unloaded after import = 2
========================================================================
Received Import Request.
  Time since last request: 0.007913 seconds.
  path: Assets/polyperfect/Low Poly Ultimate Pack/M/- Meshes_M/Construction_M/brick-concrete.fbx
  artifactKey: Guid(08cd6097aac3e77419bb965006be2be8) Importer(815301076,1909f56bfc062723c751e8b465ee728b)
Start importing Assets/polyperfect/Low Poly Ultimate Pack/M/- Meshes_M/Construction_M/brick-concrete.fbx using Guid(08cd6097aac3e77419bb965006be2be8) Importer(815301076,1909f56bfc062723c751e8b465ee728b)  -> (artifact id: '499587eaea0cece7ec2ed2e8383c893b') in 0.028674 seconds
Number of updated asset objects reloaded before import = 0
Number of asset objects unloaded after import = 7
========================================================================
Received Import Request.
  Time since last request: 0.051252 seconds.
  path: Assets/polyperfect/Low Poly Ultimate Pack/- Materials/Colors/22 GREY-LIGHTEST-LPUP.mat
  artifactKey: Guid(c413883b1f5da43f595f8475353613de) Importer(815301076,1909f56bfc062723c751e8b465ee728b)
Start importing Assets/polyperfect/Low Poly Ultimate Pack/- Materials/Colors/22 GREY-LIGHTEST-LPUP.mat using Guid(c413883b1f5da43f595f8475353613de) Importer(815301076,1909f56bfc062723c751e8b465ee728b)  -> (artifact id: '5ad7dff8dd76ccbbed4d9135a08a89f2') in 0.021525 seconds
Number of updated asset objects reloaded before import = 0
Number of asset objects unloaded after import = 1
========================================================================
Received Import Request.
  Time since last request: 0.025414 seconds.
  path: Assets/polyperfect/Low Poly Ultimate Pack/- Materials/Colors/Transparent/48 TRANSPARENT BLUE-LPUP.mat
  artifactKey: Guid(d0054e2826ae0cc4e8abb517bd8d7ac5) Importer(815301076,1909f56bfc062723c751e8b465ee728b)
Start importing Assets/polyperfect/Low Poly Ultimate Pack/- Materials/Colors/Transparent/48 TRANSPARENT BLUE-LPUP.mat using Guid(d0054e2826ae0cc4e8abb517bd8d7ac5) Importer(815301076,1909f56bfc062723c751e8b465ee728b)  -> (artifact id: '2b70675336f4dabd41eadeaf0e7c019e') in 0.019108 seconds
Number of updated asset objects reloaded before import = 0
Number of asset objects unloaded after import = 1
========================================================================
Received Import Request.
  Time since last request: 0.084587 seconds.
  path: Assets/polyperfect/Low Poly Ultimate Pack/- Materials/Colors/19 GREY-MEDIUM-LPUP.mat
  artifactKey: Guid(64a4684ba67ced04c811f6174e678a22) Importer(815301076,1909f56bfc062723c751e8b465ee728b)
Start importing Assets/polyperfect/Low Poly Ultimate Pack/- Materials/Colors/19 GREY-MEDIUM-LPUP.mat using Guid(64a4684ba67ced04c811f6174e678a22) Importer(815301076,1909f56bfc062723c751e8b465ee728b)  -> (artifact id: '7b2abf006d720d63833f92439018946a') in 0.025071 seconds
Number of updated asset objects reloaded before import = 0
Number of asset objects unloaded after import = 1
========================================================================
Received Import Request.
  Time since last request: 0.007803 seconds.
  path: Assets/polyperfect/Low Poly Ultimate Pack/M/- Meshes_M/Construction_M/sewer-shaft.fbx
  artifactKey: Guid(cbea094e6ed6dbd42beda7551f8ddc6f) Importer(815301076,1909f56bfc062723c751e8b465ee728b)
Start importing Assets/polyperfect/Low Poly Ultimate Pack/M/- Meshes_M/Construction_M/sewer-shaft.fbx using Guid(cbea094e6ed6dbd42beda7551f8ddc6f) Importer(815301076,1909f56bfc062723c751e8b465ee728b)  -> (artifact id: '5e24cd8592aeee5b2dd86a26ff31c453') in 0.042936 seconds
Number of updated asset objects reloaded before import = 0
Number of asset objects unloaded after import = 14
========================================================================
Received Import Request.
  Time since last request: 0.007799 seconds.
  path: Assets/polyperfect/Low Poly Ultimate Pack/M/- Meshes_M/Construction_M/pipe-wrinkled-stack.fbx
  artifactKey: Guid(7005f0e088d06d241add867b7c85ccbe) Importer(815301076,1909f56bfc062723c751e8b465ee728b)
Start importing Assets/polyperfect/Low Poly Ultimate Pack/M/- Meshes_M/Construction_M/pipe-wrinkled-stack.fbx using Guid(7005f0e088d06d241add867b7c85ccbe) Importer(815301076,1909f56bfc062723c751e8b465ee728b)  -> (artifact id: '948ceeea1d30abb16a0926a311e2701f') in 0.029808 seconds
Number of updated asset objects reloaded before import = 0
Number of asset objects unloaded after import = 7
========================================================================
Received Import Request.
  Time since last request: 0.076771 seconds.
  path: Assets/polyperfect/Low Poly Ultimate Pack/M/- Meshes_M/Nature_M/Trees_M/tree-beech.fbx
  artifactKey: Guid(3e3123c035b7e924aa600a32b42cfbcb) Importer(815301076,1909f56bfc062723c751e8b465ee728b)
Start importing Assets/polyperfect/Low Poly Ultimate Pack/M/- Meshes_M/Nature_M/Trees_M/tree-beech.fbx using Guid(3e3123c035b7e924aa600a32b42cfbcb) Importer(815301076,1909f56bfc062723c751e8b465ee728b)  -> (artifact id: 'a8745b952aabe60897353477e260fd42') in 0.032165 seconds
Number of updated asset objects reloaded before import = 0
Number of asset objects unloaded after import = 7
========================================================================
Received Import Request.
  Time since last request: 0.029549 seconds.
  path: Assets/polyperfect/Low Poly Ultimate Pack/M/- Meshes_M/Nature_M/Trees_M/tree-birch.fbx
  artifactKey: Guid(eb3f40d7007ee442ca747c2f6490c828) Importer(815301076,1909f56bfc062723c751e8b465ee728b)
Start importing Assets/polyperfect/Low Poly Ultimate Pack/M/- Meshes_M/Nature_M/Trees_M/tree-birch.fbx using Guid(eb3f40d7007ee442ca747c2f6490c828) Importer(815301076,1909f56bfc062723c751e8b465ee728b)  -> (artifact id: 'c0bf09c0c9f224fa14ae7990fb088325') in 0.025067 seconds
Number of updated asset objects reloaded before import = 0
Number of asset objects unloaded after import = 7
========================================================================
Received Import Request.
  Time since last request: 0.009148 seconds.
  path: Assets/polyperfect/Low Poly Ultimate Pack/M/- Meshes_M/Nature_M/Trees_M/tree.fbx
  artifactKey: Guid(17be70f662abe42529b241215b8498c1) Importer(815301076,1909f56bfc062723c751e8b465ee728b)
Start importing Assets/polyperfect/Low Poly Ultimate Pack/M/- Meshes_M/Nature_M/Trees_M/tree.fbx using Guid(17be70f662abe42529b241215b8498c1) Importer(815301076,1909f56bfc062723c751e8b465ee728b)  -> (artifact id: 'fd0a6c87fcf21cdb0d6099dc331b4b52') in 0.021906 seconds
Number of updated asset objects reloaded before import = 0
Number of asset objects unloaded after import = 7
========================================================================
Received Import Request.
  Time since last request: 0.009828 seconds.
  path: Assets/polyperfect/Low Poly Ultimate Pack/- Materials/Colors/Emission/61 EMISSION-ORANGE-LPUP.mat
  artifactKey: Guid(0901bd31274b7c24a907731fa5e16f5f) Importer(815301076,1909f56bfc062723c751e8b465ee728b)
Start importing Assets/polyperfect/Low Poly Ultimate Pack/- Materials/Colors/Emission/61 EMISSION-ORANGE-LPUP.mat using Guid(0901bd31274b7c24a907731fa5e16f5f) Importer(815301076,1909f56bfc062723c751e8b465ee728b)  -> (artifact id: '777b22ff04b564c49df65b23c2b1b40f') in 0.020189 seconds
Number of updated asset objects reloaded before import = 0
Number of asset objects unloaded after import = 1
========================================================================
Received Import Request.
  Time since last request: 0.007691 seconds.
  path: Assets/polyperfect/Low Poly Ultimate Pack/- Materials/Colors/25 RED-DARKEST-LPUP.mat
  artifactKey: Guid(4b6c16c8bf29c9e40bc66796d0674b6e) Importer(815301076,1909f56bfc062723c751e8b465ee728b)
Start importing Assets/polyperfect/Low Poly Ultimate Pack/- Materials/Colors/25 RED-DARKEST-LPUP.mat using Guid(4b6c16c8bf29c9e40bc66796d0674b6e) Importer(815301076,1909f56bfc062723c751e8b465ee728b)  -> (artifact id: '94a9bc36ea8ec273ffcda475aff68890') in 0.025271 seconds
Number of updated asset objects reloaded before import = 0
Number of asset objects unloaded after import = 1
========================================================================
Received Import Request.
  Time since last request: 0.007271 seconds.
  path: Assets/polyperfect/Low Poly Ultimate Pack/M/- Meshes_M/Construction_M/scaffolding-ladder.fbx
  artifactKey: Guid(4d3bdd5e4fde34f45ac7fb87958f7139) Importer(815301076,1909f56bfc062723c751e8b465ee728b)
Start importing Assets/polyperfect/Low Poly Ultimate Pack/M/- Meshes_M/Construction_M/scaffolding-ladder.fbx using Guid(4d3bdd5e4fde34f45ac7fb87958f7139) Importer(815301076,1909f56bfc062723c751e8b465ee728b)  -> (artifact id: '705da65e5e98a09e9ac7137f98e98158') in 0.027730 seconds
Number of updated asset objects reloaded before import = 0
Number of asset objects unloaded after import = 7
========================================================================
Received Import Request.
  Time since last request: 0.008499 seconds.
  path: Assets/polyperfect/Low Poly Ultimate Pack/- Materials/Colors/12 BROWN-LPUP.mat
  artifactKey: Guid(d07dc9a550022a74792d211f343e0b16) Importer(815301076,1909f56bfc062723c751e8b465ee728b)
Start importing Assets/polyperfect/Low Poly Ultimate Pack/- Materials/Colors/12 BROWN-LPUP.mat using Guid(d07dc9a550022a74792d211f343e0b16) Importer(815301076,1909f56bfc062723c751e8b465ee728b)  -> (artifact id: 'da04bd5f5f0029363d24f0f877ed9179') in 0.021277 seconds
Number of updated asset objects reloaded before import = 0
Number of asset objects unloaded after import = 1
========================================================================
Received Import Request.
  Time since last request: 0.116955 seconds.
  path: Assets/polyperfect/Low Poly Ultimate Pack/M/- Meshes_M/Construction_M/pipe-roll.fbx
  artifactKey: Guid(f5a1ad03113d82d4b8bea7e5f8b82c77) Importer(815301076,1909f56bfc062723c751e8b465ee728b)
Start importing Assets/polyperfect/Low Poly Ultimate Pack/M/- Meshes_M/Construction_M/pipe-roll.fbx using Guid(f5a1ad03113d82d4b8bea7e5f8b82c77) Importer(815301076,1909f56bfc062723c751e8b465ee728b)  -> (artifact id: 'ecd4ca59ac8741ff11da71d5d0ec3d4e') in 0.032370 seconds
Number of updated asset objects reloaded before import = 0
Number of asset objects unloaded after import = 7
========================================================================
Received Import Request.
  Time since last request: 0.007924 seconds.
  path: Assets/polyperfect/Low Poly Ultimate Pack/M/- Meshes_M/Construction_M/scaffolding-ladder-end.fbx
  artifactKey: Guid(956278cfde708b741b24a683ad1f898c) Importer(815301076,1909f56bfc062723c751e8b465ee728b)
Start importing Assets/polyperfect/Low Poly Ultimate Pack/M/- Meshes_M/Construction_M/scaffolding-ladder-end.fbx using Guid(956278cfde708b741b24a683ad1f898c) Importer(815301076,1909f56bfc062723c751e8b465ee728b)  -> (artifact id: '3f02c57f7b194f12d8523a7bfa7244e2') in 0.037657 seconds
Number of updated asset objects reloaded before import = 0
Number of asset objects unloaded after import = 7
========================================================================
Received Import Request.
  Time since last request: 0.030238 seconds.
  path: Assets/polyperfect/Low Poly Ultimate Pack/- Materials/Colors/64 GLASS-LPUP.mat
  artifactKey: Guid(ffce2a7e1519d465684f3f97da456fa9) Importer(815301076,1909f56bfc062723c751e8b465ee728b)
Start importing Assets/polyperfect/Low Poly Ultimate Pack/- Materials/Colors/64 GLASS-LPUP.mat using Guid(ffce2a7e1519d465684f3f97da456fa9) Importer(815301076,1909f56bfc062723c751e8b465ee728b)  -> (artifact id: 'cc10e047b56f82410e53d72ca746e459') in 0.024048 seconds
Number of updated asset objects reloaded before import = 0
Number of asset objects unloaded after import = 2
========================================================================
Received Import Request.
  Time since last request: 0.009629 seconds.
  path: Assets/polyperfect/Low Poly Ultimate Pack/M/- Meshes_M/Construction_M/bucket-paint-large.fbx
  artifactKey: Guid(974b4eb0e59bf364a9472aa5ecde3fac) Importer(815301076,1909f56bfc062723c751e8b465ee728b)
Start importing Assets/polyperfect/Low Poly Ultimate Pack/M/- Meshes_M/Construction_M/bucket-paint-large.fbx using Guid(974b4eb0e59bf364a9472aa5ecde3fac) Importer(815301076,1909f56bfc062723c751e8b465ee728b)  -> (artifact id: '0ac69b7340efdcc3dfd693a6e3fa758a') in 0.026476 seconds
Number of updated asset objects reloaded before import = 0
Number of asset objects unloaded after import = 7
========================================================================
Received Import Request.
  Time since last request: 0.172262 seconds.
  path: Assets/polyperfect/Low Poly Ultimate Pack/- Materials/Colors/35 GREEN-MEDIUM-LPUP.mat
  artifactKey: Guid(87ff71ffc286b91449d2296928632aed) Importer(815301076,1909f56bfc062723c751e8b465ee728b)
Start importing Assets/polyperfect/Low Poly Ultimate Pack/- Materials/Colors/35 GREEN-MEDIUM-LPUP.mat using Guid(87ff71ffc286b91449d2296928632aed) Importer(815301076,1909f56bfc062723c751e8b465ee728b)  -> (artifact id: '6c88e1e7bdbfae5cc5f26e96173beb6c') in 0.022896 seconds
Number of updated asset objects reloaded before import = 0
Number of asset objects unloaded after import = 1
========================================================================
Received Import Request.
  Time since last request: 0.007065 seconds.
  path: Assets/polyperfect/Low Poly Ultimate Pack/- Materials/Colors/50 PINK-DARK-LPUP.mat
  artifactKey: Guid(be11bb95eeb9f45e2a4ab7d03f51b6a0) Importer(815301076,1909f56bfc062723c751e8b465ee728b)
Start importing Assets/polyperfect/Low Poly Ultimate Pack/- Materials/Colors/50 PINK-DARK-LPUP.mat using Guid(be11bb95eeb9f45e2a4ab7d03f51b6a0) Importer(815301076,1909f56bfc062723c751e8b465ee728b)  -> (artifact id: '6d2aaafcbd8d630696647a1cc1ea598f') in 0.025676 seconds
Number of updated asset objects reloaded before import = 0
Number of asset objects unloaded after import = 1
========================================================================
Received Import Request.
  Time since last request: 0.007456 seconds.
  path: Assets/polyperfect/Low Poly Ultimate Pack/- Materials/Colors/43 BLUE-MEDIUM-LPUP.mat
  artifactKey: Guid(4ea8e2de4ac6b564c98a36f67a2ad64f) Importer(815301076,1909f56bfc062723c751e8b465ee728b)
Start importing Assets/polyperfect/Low Poly Ultimate Pack/- Materials/Colors/43 BLUE-MEDIUM-LPUP.mat using Guid(4ea8e2de4ac6b564c98a36f67a2ad64f) Importer(815301076,1909f56bfc062723c751e8b465ee728b)  -> (artifact id: '56eed3723f3e9afc7a55a52cd8b17d89') in 0.025101 seconds
Number of updated asset objects reloaded before import = 0
Number of asset objects unloaded after import = 1
========================================================================
Received Import Request.
  Time since last request: 0.046933 seconds.
  path: Assets/polyperfect/Low Poly Ultimate Pack/- Materials/Colors/5 SKIN-LIGHT-LPUP.mat
  artifactKey: Guid(284c356f2f17a644380d230a1abff44b) Importer(815301076,1909f56bfc062723c751e8b465ee728b)
Start importing Assets/polyperfect/Low Poly Ultimate Pack/- Materials/Colors/5 SKIN-LIGHT-LPUP.mat using Guid(284c356f2f17a644380d230a1abff44b) Importer(815301076,1909f56bfc062723c751e8b465ee728b)  -> (artifact id: '5b3999cd43232cbc9857a4b2971e9293') in 0.018079 seconds
Number of updated asset objects reloaded before import = 0
Number of asset objects unloaded after import = 1
========================================================================
Received Import Request.
  Time since last request: 0.007090 seconds.
  path: Assets/polyperfect/Low Poly Ultimate Pack/- Materials/Colors/30 YELLOW-LPUP.mat
  artifactKey: Guid(42caffe1132386f4daa037a9663088b9) Importer(815301076,1909f56bfc062723c751e8b465ee728b)
Start importing Assets/polyperfect/Low Poly Ultimate Pack/- Materials/Colors/30 YELLOW-LPUP.mat using Guid(42caffe1132386f4daa037a9663088b9) Importer(815301076,1909f56bfc062723c751e8b465ee728b)  -> (artifact id: 'efb2fd49ed2abcc11a05109707b51e48') in 0.026765 seconds
Number of updated asset objects reloaded before import = 0
Number of asset objects unloaded after import = 1
========================================================================
Received Import Request.
  Time since last request: 0.008211 seconds.
  path: Assets/polyperfect/Low Poly Ultimate Pack/- Materials/Colors/20 GREY-LPUP.mat
  artifactKey: Guid(5fe0aebe85b574b4a94e74712f0aa915) Importer(815301076,1909f56bfc062723c751e8b465ee728b)
Start importing Assets/polyperfect/Low Poly Ultimate Pack/- Materials/Colors/20 GREY-LPUP.mat using Guid(5fe0aebe85b574b4a94e74712f0aa915) Importer(815301076,1909f56bfc062723c751e8b465ee728b)  -> (artifact id: '2a1adaff2f95dadc675c6f9ba9d01d77') in 0.024380 seconds
Number of updated asset objects reloaded before import = 0
Number of asset objects unloaded after import = 1
========================================================================
Received Import Request.
  Time since last request: 0.007574 seconds.
  path: Assets/polyperfect/Low Poly Ultimate Pack/- Materials/Colors/26 RED-DARK-LPUP.mat
  artifactKey: Guid(48b31daa83ddb854fadd9402702394e4) Importer(815301076,1909f56bfc062723c751e8b465ee728b)
Start importing Assets/polyperfect/Low Poly Ultimate Pack/- Materials/Colors/26 RED-DARK-LPUP.mat using Guid(48b31daa83ddb854fadd9402702394e4) Importer(815301076,1909f56bfc062723c751e8b465ee728b)  -> (artifact id: '8a7463a3bfe97287eb671ffb90eeda89') in 0.024741 seconds
Number of updated asset objects reloaded before import = 0
Number of asset objects unloaded after import = 1
========================================================================
Received Import Request.
  Time since last request: 0.124282 seconds.
  path: Assets/polyperfect/Low Poly Ultimate Pack/- Materials/Colors/15 BROWN-WHITE-LPUP.mat
  artifactKey: Guid(f9c4a99059a34d842b70997d0245fde2) Importer(815301076,1909f56bfc062723c751e8b465ee728b)
Start importing Assets/polyperfect/Low Poly Ultimate Pack/- Materials/Colors/15 BROWN-WHITE-LPUP.mat using Guid(f9c4a99059a34d842b70997d0245fde2) Importer(815301076,1909f56bfc062723c751e8b465ee728b)  -> (artifact id: 'fe153a42988fd82ef738284eb74f2d1b') in 0.019737 seconds
Number of updated asset objects reloaded before import = 0
Number of asset objects unloaded after import = 1
========================================================================
Received Import Request.
  Time since last request: 0.007392 seconds.
  path: Assets/polyperfect/Low Poly Ultimate Pack/- Materials/Colors/58 WHITE-LPUP.mat
  artifactKey: Guid(11a8c080607cf47c299aff53087e0334) Importer(815301076,1909f56bfc062723c751e8b465ee728b)
Start importing Assets/polyperfect/Low Poly Ultimate Pack/- Materials/Colors/58 WHITE-LPUP.mat using Guid(11a8c080607cf47c299aff53087e0334) Importer(815301076,1909f56bfc062723c751e8b465ee728b)  -> (artifact id: '4ba74d12dd6a0e232e17e99bd8df5001') in 0.017856 seconds
Number of updated asset objects reloaded before import = 0
Number of asset objects unloaded after import = 1
========================================================================
Received Import Request.
  Time since last request: 0.009900 seconds.
  path: Assets/polyperfect/Low Poly Ultimate Pack/M/- Meshes_M/Construction_M/crane-tower.fbx
  artifactKey: Guid(6107f58377fadec4c83453711c171ea8) Importer(815301076,1909f56bfc062723c751e8b465ee728b)
Start importing Assets/polyperfect/Low Poly Ultimate Pack/M/- Meshes_M/Construction_M/crane-tower.fbx using Guid(6107f58377fadec4c83453711c171ea8) Importer(815301076,1909f56bfc062723c751e8b465ee728b)  -> (artifact id: '7eab2a7fe8a2a22d4a572838a0e9d19b') in 0.070157 seconds
Number of updated asset objects reloaded before import = 0
Number of asset objects unloaded after import = 24
========================================================================
Received Import Request.
  Time since last request: 0.090298 seconds.
  path: Assets/polyperfect/Low Poly Ultimate Pack/M/- Meshes_M/Construction_M/brick-holes.fbx
  artifactKey: Guid(0f5624b324f6c2946830ae64c59c9b86) Importer(815301076,1909f56bfc062723c751e8b465ee728b)
Start importing Assets/polyperfect/Low Poly Ultimate Pack/M/- Meshes_M/Construction_M/brick-holes.fbx using Guid(0f5624b324f6c2946830ae64c59c9b86) Importer(815301076,1909f56bfc062723c751e8b465ee728b)  -> (artifact id: '041ca224cc4b94cdf8dee5288d3b6cfd') in 0.031286 seconds
Number of updated asset objects reloaded before import = 0
Number of asset objects unloaded after import = 7
========================================================================
Received Import Request.
  Time since last request: 0.008462 seconds.
  path: Assets/polyperfect/Low Poly Ultimate Pack/M/- Meshes_M/Construction_M/planks-stack.fbx
  artifactKey: Guid(75367a86b89498e4a893c90a8335c353) Importer(815301076,1909f56bfc062723c751e8b465ee728b)
Start importing Assets/polyperfect/Low Poly Ultimate Pack/M/- Meshes_M/Construction_M/planks-stack.fbx using Guid(75367a86b89498e4a893c90a8335c353) Importer(815301076,1909f56bfc062723c751e8b465ee728b)  -> (artifact id: '9dea6934d800869338d4e082c44fa3e6') in 0.021101 seconds
Number of updated asset objects reloaded before import = 0
Number of asset objects unloaded after import = 7
========================================================================
Received Import Request.
  Time since last request: 0.029312 seconds.
  path: Assets/polyperfect/Low Poly Ultimate Pack/- Materials/Colors/21 GREY-LIGHT-LPUP.mat
  artifactKey: Guid(31b29cea830e0e24da72018652e5ed31) Importer(815301076,1909f56bfc062723c751e8b465ee728b)
Start importing Assets/polyperfect/Low Poly Ultimate Pack/- Materials/Colors/21 GREY-LIGHT-LPUP.mat using Guid(31b29cea830e0e24da72018652e5ed31) Importer(815301076,1909f56bfc062723c751e8b465ee728b)  -> (artifact id: '7a1f2252f0e832dc2457fd7d2cf929ca') in 0.018623 seconds
Number of updated asset objects reloaded before import = 0
Number of asset objects unloaded after import = 1
========================================================================
Received Import Request.
  Time since last request: 0.008999 seconds.
  path: Assets/polyperfect/Low Poly Ultimate Pack/- Materials/Colors/10 BROWN-DARK-LPUP.mat
  artifactKey: Guid(6e3ac6e47b4d7a44685dfef9bf209413) Importer(815301076,1909f56bfc062723c751e8b465ee728b)
Start importing Assets/polyperfect/Low Poly Ultimate Pack/- Materials/Colors/10 BROWN-DARK-LPUP.mat using Guid(6e3ac6e47b4d7a44685dfef9bf209413) Importer(815301076,1909f56bfc062723c751e8b465ee728b)  -> (artifact id: 'c20ee39cdc79bd6c304955d400bb0c47') in 0.017960 seconds
Number of updated asset objects reloaded before import = 0
Number of asset objects unloaded after import = 1
========================================================================
Received Import Request.
  Time since last request: 0.007832 seconds.
  path: Assets/polyperfect/Low Poly Ultimate Pack/- Materials/Colors/11 BROWN-MEDIUM-LPUP.mat
  artifactKey: Guid(0de74cacf6310c64ca1b6862ba4b219c) Importer(815301076,1909f56bfc062723c751e8b465ee728b)
Start importing Assets/polyperfect/Low Poly Ultimate Pack/- Materials/Colors/11 BROWN-MEDIUM-LPUP.mat using Guid(0de74cacf6310c64ca1b6862ba4b219c) Importer(815301076,1909f56bfc062723c751e8b465ee728b)  -> (artifact id: '53e5e91dc758e1d0292ebb5101ed1def') in 0.018037 seconds
Number of updated asset objects reloaded before import = 0
Number of asset objects unloaded after import = 1
========================================================================
Received Import Request.
  Time since last request: 0.007519 seconds.
  path: Assets/polyperfect/Low Poly Ultimate Pack/M/- Meshes_M/Tiles-NB_M/tile-mainroad-straight-nb.fbx
  artifactKey: Guid(e7f3cefb671ae1d429fe44213745e8d6) Importer(815301076,1909f56bfc062723c751e8b465ee728b)
Start importing Assets/polyperfect/Low Poly Ultimate Pack/M/- Meshes_M/Tiles-NB_M/tile-mainroad-straight-nb.fbx using Guid(e7f3cefb671ae1d429fe44213745e8d6) Importer(815301076,1909f56bfc062723c751e8b465ee728b)  -> (artifact id: 'ac9b71e1b9c6ea03d9365f4f3291bfed') in 0.025380 seconds
Number of updated asset objects reloaded before import = 0
Number of asset objects unloaded after import = 7
